\BOOKMARK [0][-]{chapter*.2}{\376\377\0001\000\040\000T\000h\000e\000\040\000S\000c\000i\000e\000n\000c\000e\000\040\000o\000f\000\040\000P\000s\000y\000c\000h\000o\000l\000o\000g\000y}{}% 1
\BOOKMARK [1][-]{section*.3}{\376\377\000U\000n\000d\000e\000r\000s\000t\000a\000n\000d\000i\000n\000g\000\040\000S\000c\000i\000e\000n\000c\000e}{chapter*.2}% 2
\BOOKMARK [1][-]{section*.9}{\376\377\000S\000c\000i\000e\000n\000t\000i\000f\000i\000c\000\040\000R\000e\000s\000e\000a\000r\000c\000h\000\040\000i\000n\000\040\000P\000s\000y\000c\000h\000o\000l\000o\000g\000y}{chapter*.2}% 3
\BOOKMARK [1][-]{section*.15}{\376\377\000S\000c\000i\000e\000n\000c\000e\000\040\000a\000n\000d\000\040\000C\000o\000m\000m\000o\000n\000\040\000S\000e\000n\000s\000e}{chapter*.2}% 4
\BOOKMARK [1][-]{section*.20}{\376\377\000S\000c\000i\000e\000n\000c\000e\000\040\000a\000n\000d\000\040\000C\000l\000i\000n\000i\000c\000a\000l\000\040\000P\000r\000a\000c\000t\000i\000c\000e}{chapter*.2}% 5
\BOOKMARK [1][-]{section*.23}{\376\377\000U\000s\000i\000n\000g\000\040\000P\000s\000y\000c\000h\000o\000l\000o\000g\000i\000c\000a\000l\000\040\000S\000c\000i\000e\000n\000c\000e\000\040\000t\000o\000\040\000I\000n\000f\000o\000r\000m\000\040\000Y\000o\000u\000r\000\040\000W\000o\000r\000l\000d\000v\000i\000e\000w}{chapter*.2}% 6
\BOOKMARK [0][-]{chapter*.28}{\376\377\0002\000\040\000G\000e\000t\000t\000i\000n\000g\000\040\000S\000t\000a\000r\000t\000e\000d\000\040\000i\000n\000\040\000R\000e\000s\000e\000a\000r\000c\000h}{}% 7
\BOOKMARK [1][-]{section*.29}{\376\377\000B\000a\000s\000i\000c\000\040\000C\000o\000n\000c\000e\000p\000t\000s}{chapter*.28}% 8
\BOOKMARK [1][-]{section*.39}{\376\377\000G\000e\000n\000e\000r\000a\000t\000i\000n\000g\000\040\000G\000o\000o\000d\000\040\000R\000e\000s\000e\000a\000r\000c\000h\000\040\000Q\000u\000e\000s\000t\000i\000o\000n\000s}{chapter*.28}% 9
\BOOKMARK [1][-]{section*.47}{\376\377\000R\000e\000v\000i\000e\000w\000i\000n\000g\000\040\000t\000h\000e\000\040\000R\000e\000s\000e\000a\000r\000c\000h\000\040\000L\000i\000t\000e\000r\000a\000t\000u\000r\000e}{chapter*.28}% 10
\BOOKMARK [0][-]{chapter*.59}{\376\377\0003\000\040\000R\000e\000s\000e\000a\000r\000c\000h\000\040\000E\000t\000h\000i\000c\000s}{}% 11
\BOOKMARK [1][-]{section*.60}{\376\377\000M\000o\000r\000a\000l\000\040\000F\000o\000u\000n\000d\000a\000t\000i\000o\000n\000s\000\040\000o\000f\000\040\000E\000t\000h\000i\000c\000a\000l\000\040\000R\000e\000s\000e\000a\000r\000c\000h}{chapter*.59}% 12
\BOOKMARK [1][-]{section*.69}{\376\377\000F\000r\000o\000m\000\040\000M\000o\000r\000a\000l\000\040\000P\000r\000i\000n\000c\000i\000p\000l\000e\000s\000\040\000t\000o\000\040\000E\000t\000h\000i\000c\000s\000\040\000C\000o\000d\000e\000s}{chapter*.59}% 13
\BOOKMARK [1][-]{section*.79}{\376\377\000P\000u\000t\000t\000i\000n\000g\000\040\000E\000t\000h\000i\000c\000s\000\040\000I\000n\000t\000o\000\040\000P\000r\000a\000c\000t\000i\000c\000e}{chapter*.59}% 14
\BOOKMARK [0][-]{chapter*.89}{\376\377\0004\000\040\000T\000h\000e\000o\000r\000y\000\040\000i\000n\000\040\000P\000s\000y\000c\000h\000o\000l\000o\000g\000y}{}% 15
\BOOKMARK [1][-]{section*.90}{\376\377\000P\000h\000e\000n\000o\000m\000e\000n\000a\000\040\000a\000n\000d\000\040\000T\000h\000e\000o\000r\000i\000e\000s}{chapter*.89}% 16
\BOOKMARK [1][-]{section*.102}{\376\377\000T\000h\000e\000\040\000V\000a\000r\000i\000e\000t\000y\000\040\000o\000f\000\040\000T\000h\000e\000o\000r\000i\000e\000s\000\040\000i\000n\000\040\000P\000s\000y\000c\000h\000o\000l\000o\000g\000y}{chapter*.89}% 17
\BOOKMARK [1][-]{section*.109}{\376\377\000U\000s\000i\000n\000g\000\040\000T\000h\000e\000o\000r\000i\000e\000s\000\040\000i\000n\000\040\000P\000s\000y\000c\000h\000o\000l\000o\000g\000i\000c\000a\000l\000\040\000R\000e\000s\000e\000a\000r\000c\000h}{chapter*.89}% 18
\BOOKMARK [0][-]{chapter*.117}{\376\377\0005\000\040\000M\000e\000a\000s\000u\000r\000e\000m\000e\000n\000t}{}% 19
\BOOKMARK [1][-]{section*.118}{\376\377\000U\000n\000d\000e\000r\000s\000t\000a\000n\000d\000i\000n\000g\000\040\000P\000s\000y\000c\000h\000o\000l\000o\000g\000i\000c\000a\000l\000\040\000M\000e\000a\000s\000u\000r\000e\000m\000e\000n\000t}{chapter*.117}% 20
\BOOKMARK [1][-]{section*.125}{\376\377\000R\000e\000l\000i\000a\000b\000i\000l\000i\000t\000y\000\040\000a\000n\000d\000\040\000V\000a\000l\000i\000d\000i\000t\000y\000\040\000o\000f\000\040\000M\000e\000a\000s\000u\000r\000e\000m\000e\000n\000t}{chapter*.117}% 21
\BOOKMARK [1][-]{section*.136}{\376\377\000P\000r\000a\000c\000t\000i\000c\000a\000l\000\040\000S\000t\000r\000a\000t\000e\000g\000i\000e\000s\000\040\000f\000o\000r\000\040\000P\000s\000y\000c\000h\000o\000l\000o\000g\000i\000c\000a\000l\000\040\000M\000e\000a\000s\000u\000r\000e\000m\000e\000n\000t}{chapter*.117}% 22
\BOOKMARK [0][-]{chapter*.145}{\376\377\0006\000\040\000E\000x\000p\000e\000r\000i\000m\000e\000n\000t\000a\000l\000\040\000R\000e\000s\000e\000a\000r\000c\000h}{}% 23
\BOOKMARK [1][-]{section*.146}{\376\377\000E\000x\000p\000e\000r\000i\000m\000e\000n\000t\000\040\000B\000a\000s\000i\000c\000s}{chapter*.145}% 24
\BOOKMARK [1][-]{section*.159}{\376\377\000E\000x\000p\000e\000r\000i\000m\000e\000n\000t\000a\000l\000\040\000D\000e\000s\000i\000g\000n}{chapter*.145}% 25
\BOOKMARK [1][-]{section*.169}{\376\377\000C\000o\000n\000d\000u\000c\000t\000i\000n\000g\000\040\000E\000x\000p\000e\000r\000i\000m\000e\000n\000t\000s}{chapter*.145}% 26
\BOOKMARK [0][-]{chapter*.176}{\376\377\0007\000\040\000N\000o\000n\000e\000x\000p\000e\000r\000i\000m\000e\000n\000t\000a\000l\000\040\000R\000e\000s\000e\000a\000r\000c\000h}{}% 27
\BOOKMARK [1][-]{section*.177}{\376\377\000O\000v\000e\000r\000v\000i\000e\000w\000\040\000o\000f\000\040\000N\000o\000n\000-\000e\000x\000p\000e\000r\000i\000m\000e\000n\000t\000a\000l\000\040\000R\000e\000s\000e\000a\000r\000c\000h}{chapter*.176}% 28
\BOOKMARK [1][-]{section*.184}{\376\377\000C\000o\000r\000r\000e\000l\000a\000t\000i\000o\000n\000a\000l\000\040\000R\000e\000s\000e\000a\000r\000c\000h}{chapter*.176}% 29
\BOOKMARK [1][-]{section*.191}{\376\377\000Q\000u\000a\000s\000i\000-\000E\000x\000p\000e\000r\000i\000m\000e\000n\000t\000a\000l\000\040\000R\000e\000s\000e\000a\000r\000c\000h}{chapter*.176}% 30
\BOOKMARK [1][-]{section*.198}{\376\377\000Q\000u\000a\000l\000i\000t\000a\000t\000i\000v\000e\000\040\000R\000e\000s\000e\000a\000r\000c\000h}{chapter*.176}% 31
\BOOKMARK [0][-]{chapter*.206}{\376\377\0008\000\040\000C\000o\000m\000p\000l\000e\000x\000\040\000R\000e\000s\000e\000a\000r\000c\000h\000\040\000D\000e\000s\000i\000g\000n\000s}{}% 32
\BOOKMARK [1][-]{section*.207}{\376\377\000M\000u\000l\000t\000i\000p\000l\000e\000\040\000D\000e\000p\000e\000n\000d\000e\000n\000t\000\040\000V\000a\000r\000i\000a\000b\000l\000e\000s}{chapter*.206}% 33
\BOOKMARK [1][-]{section*.213}{\376\377\000M\000u\000l\000t\000i\000p\000l\000e\000\040\000I\000n\000d\000e\000p\000e\000n\000d\000e\000n\000t\000\040\000V\000a\000r\000i\000a\000b\000l\000e\000s}{chapter*.206}% 34
\BOOKMARK [1][-]{section*.221}{\376\377\000C\000o\000m\000p\000l\000e\000x\000\040\000C\000o\000r\000r\000e\000l\000a\000t\000i\000o\000n\000a\000l\000\040\000D\000e\000s\000i\000g\000n\000s}{chapter*.206}% 35
\BOOKMARK [0][-]{chapter*.227}{\376\377\0009\000\040\000S\000u\000r\000v\000e\000y\000\040\000R\000e\000s\000e\000a\000r\000c\000h}{}% 36
\BOOKMARK [1][-]{section*.228}{\376\377\000O\000v\000e\000r\000v\000i\000e\000w\000\040\000o\000f\000\040\000S\000u\000r\000v\000e\000y\000\040\000R\000e\000s\000e\000a\000r\000c\000h}{chapter*.227}% 37
\BOOKMARK [1][-]{section*.233}{\376\377\000C\000o\000n\000s\000t\000r\000u\000c\000t\000i\000n\000g\000\040\000S\000u\000r\000v\000e\000y\000\040\000Q\000u\000e\000s\000t\000i\000o\000n\000n\000a\000i\000r\000e\000s}{chapter*.227}% 38
\BOOKMARK [1][-]{section*.243}{\376\377\000C\000o\000n\000d\000u\000c\000t\000i\000n\000g\000\040\000S\000u\000r\000v\000e\000y\000s}{chapter*.227}% 39
\BOOKMARK [0][-]{chapter*.252}{\376\377\0001\0000\000\040\000S\000i\000n\000g\000l\000e\000\040\000S\000u\000b\000j\000e\000c\000t\000\040\000R\000e\000s\000e\000a\000r\000c\000h}{}% 40
\BOOKMARK [1][-]{section*.253}{\376\377\000O\000v\000e\000r\000v\000i\000e\000w\000\040\000o\000f\000\040\000S\000i\000n\000g\000l\000e\000-\000S\000u\000b\000j\000e\000c\000t\000\040\000R\000e\000s\000e\000a\000r\000c\000h}{chapter*.252}% 41
\BOOKMARK [1][-]{section*.259}{\376\377\000S\000i\000n\000g\000l\000e\000-\000S\000u\000b\000j\000e\000c\000t\000\040\000R\000e\000s\000e\000a\000r\000c\000h\000\040\000D\000e\000s\000i\000g\000n\000s}{chapter*.252}% 42
\BOOKMARK [1][-]{section*.266}{\376\377\000T\000h\000e\000\040\000S\000i\000n\000g\000l\000e\000-\000S\000u\000b\000j\000e\000c\000t\000\040\000V\000e\000r\000s\000u\000s\000\040\000G\000r\000o\000u\000p\000\040\000"\000D\000e\000b\000a\000t\000e\000"}{chapter*.252}% 43
\BOOKMARK [0][-]{chapter*.272}{\376\377\0001\0001\000\040\000P\000r\000e\000s\000e\000n\000t\000i\000n\000g\000\040\000y\000o\000u\000r\000\040\000R\000e\000s\000e\000a\000r\000c\000h}{}% 44
\BOOKMARK [1][-]{section*.273}{\376\377\000A\000m\000e\000r\000i\000c\000a\000n\000\040\000P\000s\000y\000c\000h\000o\000l\000o\000g\000i\000c\000a\000l\000\040\000A\000s\000s\000o\000c\000i\000a\000t\000i\000o\000n\000\040\000\050\000A\000P\000A\000\051\000\040\000S\000t\000y\000l\000e}{chapter*.272}% 45
\BOOKMARK [1][-]{section*.284}{\376\377\000W\000r\000i\000t\000i\000n\000g\000\040\000a\000\040\000R\000e\000s\000e\000a\000r\000c\000h\000\040\000R\000e\000p\000o\000r\000t\000\040\000i\000n\000\040\000A\000m\000e\000r\000i\000c\000a\000n\000\040\000P\000s\000y\000c\000h\000o\000l\000o\000g\000i\000c\000a\000l\000\040\000A\000s\000s\000o\000c\000i\000a\000t\000i\000o\000n\000\040\000\050\000A\000P\000A\000\051\000\040\000S\000t\000y\000l\000e}{chapter*.272}% 46
\BOOKMARK [1][-]{section*.301}{\376\377\000O\000t\000h\000e\000r\000\040\000P\000r\000e\000s\000e\000n\000t\000a\000t\000i\000o\000n\000\040\000F\000o\000r\000m\000a\000t\000s}{chapter*.272}% 47
\BOOKMARK [0][-]{chapter*.311}{\376\377\0001\0002\000\040\000D\000e\000s\000c\000r\000i\000p\000t\000i\000v\000e\000\040\000S\000t\000a\000t\000i\000s\000t\000i\000c\000s}{}% 48
\BOOKMARK [1][-]{section*.312}{\376\377\000D\000e\000s\000c\000r\000i\000b\000i\000n\000g\000\040\000S\000i\000n\000g\000l\000e\000\040\000V\000a\000r\000i\000a\000b\000l\000e\000s}{chapter*.311}% 49
\BOOKMARK [1][-]{section*.325}{\376\377\000D\000e\000s\000c\000r\000i\000b\000i\000n\000g\000\040\000S\000t\000a\000t\000i\000s\000t\000i\000c\000a\000l\000\040\000R\000e\000l\000a\000t\000i\000o\000n\000s\000h\000i\000p\000s}{chapter*.311}% 50
\BOOKMARK [1][-]{section*.332}{\376\377\000E\000x\000p\000r\000e\000s\000s\000i\000n\000g\000\040\000Y\000o\000u\000r\000\040\000R\000e\000s\000u\000l\000t\000s}{chapter*.311}% 51
\BOOKMARK [1][-]{section*.341}{\376\377\000C\000o\000n\000d\000u\000c\000t\000i\000n\000g\000\040\000Y\000o\000u\000r\000\040\000A\000n\000a\000l\000y\000s\000e\000s}{chapter*.311}% 52
\BOOKMARK [0][-]{chapter*.348}{\376\377\0001\0003\000\040\000I\000n\000f\000e\000r\000e\000n\000t\000i\000a\000l\000\040\000S\000t\000a\000t\000i\000s\000t\000i\000c\000s}{}% 53
\BOOKMARK [1][-]{section*.349}{\376\377\000U\000n\000d\000e\000r\000s\000t\000a\000n\000d\000i\000n\000g\000\040\000N\000u\000l\000l\000\040\000H\000y\000p\000o\000t\000h\000e\000s\000i\000s\000\040\000T\000e\000s\000t\000i\000n\000g}{chapter*.348}% 54
\BOOKMARK [1][-]{section*.356}{\376\377\000S\000o\000m\000e\000\040\000B\000a\000s\000i\000c\000\040\000N\000u\000l\000l\000\040\000H\000y\000p\000o\000t\000h\000e\000s\000i\000s\000\040\000T\000e\000s\000t\000s}{chapter*.348}% 55
\BOOKMARK [1][-]{section*.375}{\376\377\000A\000d\000d\000i\000t\000i\000o\000n\000a\000l\000\040\000C\000o\000n\000s\000i\000d\000e\000r\000a\000t\000i\000o\000n\000s}{chapter*.348}% 56
\BOOKMARK [1][-]{section*.385}{\376\377\000F\000r\000o\000m\000\040\000t\000h\000e\000\040\000"\000R\000e\000p\000l\000i\000c\000a\000b\000i\000l\000i\000t\000y\000\040\000C\000r\000i\000s\000i\000s\000"\000\040\000t\000o\000\040\000O\000p\000e\000n\000\040\000S\000c\000i\000e\000n\000c\000e\000\040\000P\000r\000a\000c\000t\000i\000c\000e\000s}{chapter*.348}% 57
\BOOKMARK [0][-]{chapter*.388}{\376\377\000B\000i\000b\000l\000i\000o\000g\000r\000a\000p\000h\000y}{}% 58
