\BOOKMARK [0][-]{chapter*.2}{\376\377\0001\000\040\000O\000v\000e\000r\000v\000i\000e\000w}{}% 1
\BOOKMARK [1][-]{section*.3}{\376\377\000G\000e\000n\000e\000r\000a\000l\000\040\000O\000v\000e\000r\000v\000i\000e\000w}{chapter*.2}% 2
\BOOKMARK [1][-]{section*.9}{\376\377\000L\000a\000b\000\040\000R\000e\000s\000o\000u\000r\000c\000e\000s}{chapter*.2}% 3
\BOOKMARK [1][-]{section*.13}{\376\377\000L\000a\000b\000\040\000S\000c\000h\000e\000d\000u\000l\000e}{chapter*.2}% 4
\BOOKMARK [0][-]{chapter*.26}{\376\377\0002\000\040\000T\000h\000e\000\040\000Q\000A\000L\000M\000R\000I\000\040\000M\000e\000t\000h\000o\000d}{}% 5
\BOOKMARK [1][-]{section*.27}{\376\377\000T\000h\000e\000\040\000Q\000A\000L\000M\000R\000I\000\040\000M\000e\000t\000h\000o\000d}{chapter*.26}% 6
\BOOKMARK [1][-]{section*.34}{\376\377\000W\000r\000i\000t\000i\000n\000g\000\040\000a\000\040\000Q\000A\000L\000M\000R\000I}{chapter*.26}% 7
\BOOKMARK [1][-]{section*.35}{\376\377\000E\000x\000a\000m\000p\000l\000e\000\040\000Q\000A\000L\000M\000R\000I}{chapter*.26}% 8
\BOOKMARK [1][-]{section*.42}{\376\377\000F\000i\000n\000d\000i\000n\000g\000\040\000t\000h\000e\000\040\000Q\000A\000L\000M\000R\000I\000\040\000s\000e\000c\000t\000i\000o\000n\000s\000\040\000i\000n\000\040\000a\000\040\000j\000o\000u\000r\000n\000a\000l\000\040\000a\000r\000t\000i\000c\000l\000e}{chapter*.26}% 9
\BOOKMARK [1][-]{section*.51}{\376\377\000T\000h\000e\000\040\000H\000a\000r\000d\000e\000s\000t\000\040\000S\000e\000c\000t\000i\000o\000n\000\040\000o\000f\000\040\000t\000h\000e\000\040\000Q\000A\000L\000R\000M\000I\000:\000\040\000A\000l\000t\000e\000r\000n\000a\000t\000i\000v\000e\000s}{chapter*.26}% 10
\BOOKMARK [0][-]{chapter*.53}{\376\377\000L\000a\000b\000s\000\040\0002\000\040\000a\000n\000d\000\040\0003\000:\000\040\000P\000a\000p\000e\000r\000\040\000P\000r\000o\000j\000e\000c\000t\000\040\0001}{}% 11
\BOOKMARK [1][-]{section*.54}{\376\377\000O\000v\000e\000r\000v\000i\000e\000w}{chapter*.53}% 12
\BOOKMARK [1][-]{section*.58}{\376\377\000W\000r\000i\000t\000i\000n\000g\000\040\000t\000h\000e\000\040\000p\000a\000p\000e\000r}{chapter*.53}% 13
\BOOKMARK [1][-]{section*.65}{\376\377\000D\000a\000t\000a\000-\000a\000n\000a\000l\000y\000s\000i\000s\000\040\000t\000i\000p\000s}{chapter*.53}% 14
\BOOKMARK [1][-]{section*.66}{\376\377\000T\000h\000e\000\040\000t\000-\000t\000e\000s\000t}{chapter*.53}% 15
\BOOKMARK [1][-]{section*.67}{\376\377\000O\000n\000e\000\040\000m\000o\000r\000e\000\040\000t\000i\000m\000e}{chapter*.53}% 16
\BOOKMARK [1][-]{section*.68}{\376\377\000W\000r\000i\000t\000i\000n\000g\000\040\000u\000p\000\040\000t\000h\000e\000\040\000r\000e\000s\000u\000l\000t\000s\000\040\000o\000f\000\040\000a\000\040\000t\000-\000t\000e\000s\000t}{chapter*.53}% 17
\BOOKMARK [0][-]{chapter*.69}{\376\377\000L\000a\000b\000\040\0004\000:\000\040\000M\000e\000m\000o\000r\000y\000\040\000M\000i\000n\000i\000\040\000P\000r\000o\000j\000e\000c\000t}{}% 18
\BOOKMARK [1][-]{section*.70}{\376\377\000L\000a\000b\000\040\0004\000:\000\040\000M\000i\000n\000i\000P\000r\000o\000j\000e\000c\000t\000\040\0001\000\040\000N\000a\000i\000r\000n\000e\000,\000\040\000P\000a\000n\000d\000e\000i\000r\000a\000d\000a\000,\000\040\000\046\000\040\000T\000h\000o\000m\000p\000s\000o\000n\000,\000\040\000\050\0002\0000\0000\0008\000\051}{chapter*.69}% 19
\BOOKMARK [1][-]{section*.72}{\376\377\000D\000a\000t\000a\000-\000a\000n\000a\000l\000y\000s\000i\000s\000\040\000t\000i\000p\000s}{chapter*.69}% 20
\BOOKMARK [0][-]{chapter*.79}{\376\377\000L\000a\000b\000\040\0005\000:\000\040\000T\000a\000s\000k\000-\000S\000w\000i\000t\000c\000h\000i\000n\000g\000\040\000M\000i\000n\000i\000\040\000P\000r\000o\000j\000e\000c\000t}{}% 21
\BOOKMARK [1][-]{section*.80}{\376\377\000W\000h\000a\000t\000'\000s\000\040\000i\000n\000\040\000s\000t\000o\000r\000e}{chapter*.79}% 22
\BOOKMARK [1][-]{section*.81}{\376\377\000C\000r\000i\000t\000i\000c\000a\000l\000\040\000C\000o\000n\000c\000e\000p\000t\000s}{chapter*.79}% 23
\BOOKMARK [1][-]{section*.86}{\376\377\000D\000a\000t\000a\000-\000a\000n\000a\000l\000y\000s\000i\000s\000\040\000t\000i\000p\000s}{chapter*.79}% 24
\BOOKMARK [0][-]{chapter*.91}{\376\377\000L\000a\000b\000\040\0006\000:\000\040\000S\000t\000r\000o\000o\000p\000\040\000M\000i\000n\000i\000\040\000P\000r\000o\000j\000e\000c\000t}{}% 25
\BOOKMARK [1][-]{section*.92}{\376\377\000W\000h\000a\000t\000'\000s\000\040\000i\000n\000\040\000s\000t\000o\000r\000e}{chapter*.91}% 26
\BOOKMARK [1][-]{section*.93}{\376\377\000S\000o\000m\000e\000\040\000b\000a\000c\000k\000g\000r\000o\000u\000n\000d\000\040\000o\000n\000\040\000t\000h\000e\000\040\000S\000t\000r\000o\000o\000p\000\040\000e\000f\000f\000e\000c\000t}{chapter*.91}% 27
\BOOKMARK [0][-]{chapter*.95}{\376\377\000L\000a\000b\000s\000\040\0007\000\040\000a\000n\000d\000\040\0008\000:\000\040\000P\000a\000p\000e\000r\000\040\000P\000r\000o\000j\000e\000c\000t\000\040\0002\000\040}{}% 28
\BOOKMARK [1][-]{section*.96}{\376\377\000O\000v\000e\000r\000v\000i\000e\000w}{chapter*.95}% 29
\BOOKMARK [1][-]{section*.100}{\376\377\000W\000r\000i\000t\000i\000n\000g\000\040\000t\000h\000e\000\040\000p\000a\000p\000e\000r}{chapter*.95}% 30
\BOOKMARK [0][-]{chapter*.107}{\376\377\000L\000a\000b\000s\000\040\0009\000\040\000-\000\040\0001\0004\000:\000\040\000T\000h\000e\000\040\000F\000i\000n\000a\000l\000\040\000P\000r\000o\000j\000e\000c\000t}{}% 31
\BOOKMARK [1][-]{section*.108}{\376\377\000O\000v\000e\000r\000v\000i\000e\000w}{chapter*.107}% 32
\BOOKMARK [0][-]{chapter*.113}{\376\377\000S\000t\000a\000t\000i\000s\000t\000i\000c\000a\000l\000\040\000A\000n\000a\000l\000y\000s\000i\000s\000\040\000A\000n\000d\000\040\000R\000e\000p\000o\000r\000t\000i\000n\000g}{}% 33
\BOOKMARK [1][-]{section*.114}{\376\377\000E\000x\000c\000e\000l\000\040\000T\000i\000p\000s}{chapter*.113}% 34
\BOOKMARK [1][-]{section*.117}{\376\377\000U\000s\000i\000n\000g\000\040\000E\000x\000c\000e\000l}{chapter*.113}% 35
\BOOKMARK [1][-]{section*.133}{\376\377\000S\000P\000S\000S}{chapter*.113}% 36
\BOOKMARK [0][-]{chapter*.144}{\376\377\000W\000r\000i\000t\000i\000n\000g\000\040\000A\000n\000\040\000A\000P\000A\000\040\000S\000t\000y\000l\000e\000\040\000P\000a\000p\000e\000r}{}% 37
\BOOKMARK [1][-]{section*.145}{\376\377\000H\000o\000w\000\040\000t\000o\000\040\000w\000r\000i\000t\000e\000\040\000a\000\040\000r\000e\000s\000e\000a\000r\000c\000h\000\040\000r\000e\000p\000o\000r\000t}{chapter*.144}% 38
\BOOKMARK [1][-]{section*.151}{\376\377\000A\000P\000A\000\040\000s\000t\000y\000l\000e}{chapter*.144}% 39
\BOOKMARK [0][-]{chapter*.154}{\376\377\000B\000i\000b\000l\000i\000o\000g\000r\000a\000p\000h\000y}{}% 40
