This is pdfTeX, Version 3.14159265-2.6-1.40.18 (TeX Live 2017) (preloaded format=pdflatex 2017.5.23)  24 AUG 2017 07:11
entering extended mode
 restricted \write18 enabled.
 %&-line parsing enabled.
**Lab_Manual.tex
(./Lab_Manual.tex
LaTeX2e <2017-04-15>
Babel <3.10> and hyphenation patterns for 84 language(s) loaded.
(/usr/local/texlive/2017/texmf-dist/tex/latex/tufte-latex/tufte-book.cls
Document Class: tufte-book 2015/06/21 v3.5.2 Tufte-book class
(/usr/local/texlive/2017/texmf-dist/tex/latex/tufte-latex/tufte-common.def
File: tufte-common.def 2015/06/21 v3.5.2 Common code for the Tufte-LaTeX styles


(/usr/local/texlive/2017/texmf-dist/tex/latex/xkeyval/xkeyval.sty
Package: xkeyval 2014/12/03 v2.7a package option processing (HA)

(/usr/local/texlive/2017/texmf-dist/tex/generic/xkeyval/xkeyval.tex
(/usr/local/texlive/2017/texmf-dist/tex/generic/xkeyval/xkvutils.tex
\XKV@toks=\toks14
\XKV@tempa@toks=\toks15

(/usr/local/texlive/2017/texmf-dist/tex/generic/xkeyval/keyval.tex))
\XKV@depth=\count79
File: xkeyval.tex 2014/12/03 v2.7a key=value parser (HA)
))
(/usr/local/texlive/2017/texmf-dist/tex/latex/xifthen/xifthen.sty
Package: xifthen 2015/11/05 v1.4.0 Extended ifthen features

(/usr/local/texlive/2017/texmf-dist/tex/latex/tools/calc.sty
Package: calc 2014/10/28 v4.3 Infix arithmetic (KKT,FJ)
\calc@Acount=\count80
\calc@Bcount=\count81
\calc@Adimen=\dimen102
\calc@Bdimen=\dimen103
\calc@Askip=\skip41
\calc@Bskip=\skip42
LaTeX Info: Redefining \setlength on input line 80.
LaTeX Info: Redefining \addtolength on input line 81.
\calc@Ccount=\count82
\calc@Cskip=\skip43
)
(/usr/local/texlive/2017/texmf-dist/tex/latex/base/ifthen.sty
Package: ifthen 2014/09/29 v1.1c Standard LaTeX ifthen package (DPC)
)
(/usr/local/texlive/2017/texmf-dist/tex/latex/ifmtarg/ifmtarg.sty
Package: ifmtarg 2009/09/02 v1.2a check for an empty argument
))
(/usr/local/texlive/2017/texmf-dist/tex/latex/hardwrap/hardwrap.sty
Package: hardwrap 2011/02/12 v0.2 Hard wrap messages

(/usr/local/texlive/2017/texmf-dist/tex/latex/ifplatform/ifplatform.sty
Package: ifplatform 2010/10/22 v0.4 Testing for the operating system

(/usr/local/texlive/2017/texmf-dist/tex/generic/oberdiek/pdftexcmds.sty
Package: pdftexcmds 2017/03/19 v0.25 Utility functions of pdfTeX for LuaTeX (HO
)

(/usr/local/texlive/2017/texmf-dist/tex/generic/oberdiek/infwarerr.sty
Package: infwarerr 2016/05/16 v1.4 Providing info/warning/error messages (HO)
)
(/usr/local/texlive/2017/texmf-dist/tex/generic/oberdiek/ifluatex.sty
Package: ifluatex 2016/05/16 v1.4 Provides the ifluatex switch (HO)
Package ifluatex Info: LuaTeX not detected.
)
(/usr/local/texlive/2017/texmf-dist/tex/generic/oberdiek/ltxcmds.sty
Package: ltxcmds 2016/05/16 v1.23 LaTeX kernel commands for general use (HO)
)
(/usr/local/texlive/2017/texmf-dist/tex/generic/oberdiek/ifpdf.sty
Package: ifpdf 2017/03/15 v3.2 Provides the ifpdf switch
)
Package pdftexcmds Info: LuaTeX not detected.
Package pdftexcmds Info: \pdf@primitive is available.
Package pdftexcmds Info: \pdf@ifprimitive is available.
Package pdftexcmds Info: \pdfdraftmode found.
)
(/usr/local/texlive/2017/texmf-dist/tex/generic/oberdiek/catchfile.sty
Package: catchfile 2016/05/16 v1.7 Catch the contents of a file (HO)

(/usr/local/texlive/2017/texmf-dist/tex/generic/oberdiek/etexcmds.sty
Package: etexcmds 2016/05/16 v1.6 Avoid name clashes with e-TeX commands (HO)
Package etexcmds Info: Could not find \expanded.
(etexcmds)             That can mean that you are not using pdfTeX 1.50 or
(etexcmds)             that some package has redefined \expanded.
(etexcmds)             In the latter case, load this package earlier.
))

Package ifplatform Warning: 
    shell escape is disabled, so I can only detect \ifwindows.

) (/usr/local/texlive/2017/texmf-dist/tex/generic/ifxetex/ifxetex.sty
Package: ifxetex 2010/09/12 v0.6 Provides ifxetex conditional
)
\hw@charcount=\count83
\hw@wordcount=\count84
\hw@maxprintline=\count85

(|kpsewhich -var-value=max_print_line))
Class tufte-book Info: Passing oneside to the `book' class.
Class tufte-book Info: Loading the base class `book'

(/usr/local/texlive/2017/texmf-dist/tex/latex/base/book.cls
Document Class: book 2014/09/29 v1.4h Standard LaTeX document class
(/usr/local/texlive/2017/texmf-dist/tex/latex/base/bk10.clo
File: bk10.clo 2014/09/29 v1.4h Standard LaTeX file (size option)
)
\c@part=\count86
\c@chapter=\count87
\c@section=\count88
\c@subsection=\count89
\c@subsubsection=\count90
\c@paragraph=\count91
\c@subparagraph=\count92
\c@figure=\count93
\c@table=\count94
\abovecaptionskip=\skip44
\belowcaptionskip=\skip45
\bibindent=\dimen104
)
(/usr/local/texlive/2017/texmf-dist/tex/latex/titlesec/titlesec.sty
Package: titlesec 2016/03/21 v2.10.2 Sectioning titles
\ttl@box=\box26
\beforetitleunit=\skip46
\aftertitleunit=\skip47
\ttl@plus=\dimen105
\ttl@minus=\dimen106
\ttl@toksa=\toks16
\titlewidth=\dimen107
\titlewidthlast=\dimen108
\titlewidthfirst=\dimen109
)
(/usr/local/texlive/2017/texmf-dist/tex/latex/titlesec/titletoc.sty
Package: titletoc 2011/12/15 v1.6 TOC entries
\ttl@leftsep=\dimen110
)
(/usr/local/texlive/2017/texmf-dist/tex/latex/hyperref/hyperref.sty
Package: hyperref 2017/03/14 v6.85a Hypertext links for LaTeX

(/usr/local/texlive/2017/texmf-dist/tex/generic/oberdiek/hobsub-hyperref.sty
Package: hobsub-hyperref 2016/05/16 v1.14 Bundle oberdiek, subset hyperref (HO)


(/usr/local/texlive/2017/texmf-dist/tex/generic/oberdiek/hobsub-generic.sty
Package: hobsub-generic 2016/05/16 v1.14 Bundle oberdiek, subset generic (HO)
Package: hobsub 2016/05/16 v1.14 Construct package bundles (HO)
Package hobsub Info: Skipping package `infwarerr' (already loaded).
Package hobsub Info: Skipping package `ltxcmds' (already loaded).
Package hobsub Info: Skipping package `ifluatex' (already loaded).
Package: ifvtex 2016/05/16 v1.6 Detect VTeX and its facilities (HO)
Package ifvtex Info: VTeX not detected.
Package: intcalc 2016/05/16 v1.2 Expandable calculations with integers (HO)
Package hobsub Info: Skipping package `ifpdf' (already loaded).
Package hobsub Info: Skipping package `etexcmds' (already loaded).
Package: kvsetkeys 2016/05/16 v1.17 Key value parser (HO)
Package: kvdefinekeys 2016/05/16 v1.4 Define keys (HO)
Package hobsub Info: Skipping package `pdftexcmds' (already loaded).
Package: pdfescape 2016/05/16 v1.14 Implements pdfTeX's escape features (HO)
Package: bigintcalc 2016/05/16 v1.4 Expandable calculations on big integers (HO
)
Package: bitset 2016/05/16 v1.2 Handle bit-vector datatype (HO)
Package: uniquecounter 2016/05/16 v1.3 Provide unlimited unique counter (HO)
)
Package hobsub Info: Skipping package `hobsub' (already loaded).
Package: letltxmacro 2016/05/16 v1.5 Let assignment for LaTeX macros (HO)
Package: hopatch 2016/05/16 v1.3 Wrapper for package hooks (HO)
Package: xcolor-patch 2016/05/16 xcolor patch
Package: atveryend 2016/05/16 v1.9 Hooks at the very end of document (HO)
Package atveryend Info: \enddocument detected (standard20110627).
Package: atbegshi 2016/06/09 v1.18 At begin shipout hook (HO)
Package: refcount 2016/05/16 v3.5 Data extraction from label references (HO)
Package: hycolor 2016/05/16 v1.8 Color options for hyperref/bookmark (HO)
)
(/usr/local/texlive/2017/texmf-dist/tex/latex/oberdiek/auxhook.sty
Package: auxhook 2016/05/16 v1.4 Hooks for auxiliary files (HO)
)
(/usr/local/texlive/2017/texmf-dist/tex/latex/oberdiek/kvoptions.sty
Package: kvoptions 2016/05/16 v3.12 Key value format for package options (HO)
)
\@linkdim=\dimen111
\Hy@linkcounter=\count95
\Hy@pagecounter=\count96

(/usr/local/texlive/2017/texmf-dist/tex/latex/hyperref/pd1enc.def
File: pd1enc.def 2017/03/14 v6.85a Hyperref: PDFDocEncoding definition (HO)
)
\Hy@SavedSpaceFactor=\count97

(/usr/local/texlive/2017/texmf-dist/tex/latex/latexconfig/hyperref.cfg
File: hyperref.cfg 2002/06/06 v1.2 hyperref configuration of TeXLive
)
Package hyperref Info: Option `unicode' set `true' on input line 4374.

(/usr/local/texlive/2017/texmf-dist/tex/latex/hyperref/puenc.def
File: puenc.def 2017/03/14 v6.85a Hyperref: PDF Unicode definition (HO)
)
Package hyperref Info: Option `hyperfootnotes' set `false' on input line 4374.
Package hyperref Info: Hyper figures OFF on input line 4498.
Package hyperref Info: Link nesting OFF on input line 4503.
Package hyperref Info: Hyper index ON on input line 4506.
Package hyperref Info: Plain pages OFF on input line 4513.
Package hyperref Info: Backreferencing OFF on input line 4518.
Package hyperref Info: Implicit mode ON; LaTeX internals redefined.
Package hyperref Info: Bookmarks ON on input line 4751.
\c@Hy@tempcnt=\count98

(/usr/local/texlive/2017/texmf-dist/tex/latex/url/url.sty
\Urlmuskip=\muskip10
Package: url 2013/09/16  ver 3.4  Verb mode for urls, etc.
)
LaTeX Info: Redefining \url on input line 5104.
\XeTeXLinkMargin=\dimen112
\Fld@menulength=\count99
\Field@Width=\dimen113
\Fld@charsize=\dimen114
Package hyperref Info: Hyper figures OFF on input line 6358.
Package hyperref Info: Link nesting OFF on input line 6363.
Package hyperref Info: Hyper index ON on input line 6366.
Package hyperref Info: backreferencing OFF on input line 6373.
Package hyperref Info: Link coloring OFF on input line 6378.
Package hyperref Info: Link coloring with OCG OFF on input line 6383.
Package hyperref Info: PDF/A mode OFF on input line 6388.
LaTeX Info: Redefining \ref on input line 6428.
LaTeX Info: Redefining \pageref on input line 6432.
\Hy@abspage=\count100
\c@Item=\count101
)

Package hyperref Message: Driver (autodetected): hpdftex.

(/usr/local/texlive/2017/texmf-dist/tex/latex/hyperref/hpdftex.def
File: hpdftex.def 2017/03/14 v6.85a Hyperref driver for pdfTeX
\Fld@listcount=\count102
\c@bookmark@seq@number=\count103

(/usr/local/texlive/2017/texmf-dist/tex/latex/oberdiek/rerunfilecheck.sty
Package: rerunfilecheck 2016/05/16 v1.8 Rerun checks for auxiliary files (HO)
Package uniquecounter Info: New unique counter `rerunfilecheck' on input line 2
82.
)
\Hy@SectionHShift=\skip48
)
(/usr/local/texlive/2017/texmf-dist/tex/latex/ms/ragged2e.sty
Package: ragged2e 2009/05/21 v2.1 ragged2e Package (MS)

(/usr/local/texlive/2017/texmf-dist/tex/latex/ms/everysel.sty
Package: everysel 2011/10/28 v1.2 EverySelectfont Package (MS)
)
\CenteringLeftskip=\skip49
\RaggedLeftLeftskip=\skip50
\RaggedRightLeftskip=\skip51
\CenteringRightskip=\skip52
\RaggedLeftRightskip=\skip53
\RaggedRightRightskip=\skip54
\CenteringParfillskip=\skip55
\RaggedLeftParfillskip=\skip56
\RaggedRightParfillskip=\skip57
\JustifyingParfillskip=\skip58
\CenteringParindent=\skip59
\RaggedLeftParindent=\skip60
\RaggedRightParindent=\skip61
\JustifyingParindent=\skip62
)
(/usr/local/texlive/2017/texmf-dist/tex/latex/geometry/geometry.sty
Package: geometry 2010/09/12 v5.6 Page Geometry
\Gm@cnth=\count104
\Gm@cntv=\count105
\c@Gm@tempcnt=\count106
\Gm@bindingoffset=\dimen115
\Gm@wd@mp=\dimen116
\Gm@odd@mp=\dimen117
\Gm@even@mp=\dimen118
\Gm@layoutwidth=\dimen119
\Gm@layoutheight=\dimen120
\Gm@layouthoffset=\dimen121
\Gm@layoutvoffset=\dimen122
\Gm@dimlist=\toks17
)
(/usr/local/texlive/2017/texmf-dist/tex/latex/changepage/changepage.sty
Package: changepage 2009/10/20 v1.0c check page and change page layout
\c@cp@cntr=\count107
\cp@tempcnt=\count108
)
\@tufte@overhang=\skip63
\@tufte@fullwidth=\skip64
\@tufte@caption@fill=\skip65

(/usr/local/texlive/2017/texmf-dist/tex/latex/paralist/paralist.sty
Package: paralist 2017/01/22 v2.7 Extended list environments
\pltopsep=\skip66
\plpartopsep=\skip67
\plitemsep=\skip68
\plparsep=\skip69
\pl@lab=\toks18
)
(/usr/local/texlive/2017/texmf-dist/tex/latex/textcase/textcase.sty
Package: textcase 2004/10/07 v0.07 Text only upper/lower case changing (DPC)
)
(/usr/local/texlive/2017/texmf-dist/tex/latex/microtype/letterspace.sty
Package: letterspace 2016/05/14 v2.6a Robust letterspacing (RS)
LaTeX Info: Redefining \lsstyle on input line 346.
LaTeX Info: Redefining \lslig on input line 347.
LaTeX Info: Redefining \textls on input line 372.
\MT@outer@kern=\dimen123
)
(/usr/local/texlive/2017/texmf-dist/tex/latex/setspace/setspace.sty
Package: setspace 2011/12/19 v6.7a set line spacing
)
(/usr/local/texlive/2017/texmf-dist/tex/latex/xcolor/xcolor.sty
Package: xcolor 2016/05/11 v2.12 LaTeX color extensions (UK)

(/usr/local/texlive/2017/texmf-dist/tex/latex/graphics-cfg/color.cfg
File: color.cfg 2016/01/02 v1.6 sample color configuration
)
Package xcolor Info: Package option `usenames' ignored on input line 216.
Package xcolor Info: Driver file: pdftex.def on input line 225.

(/usr/local/texlive/2017/texmf-dist/tex/latex/graphics-def/pdftex.def
File: pdftex.def 2017/01/12 v0.06k Graphics/color for pdfTeX
\Gread@gobject=\count109
)
Package xcolor Info: Model `cmy' substituted by `cmy0' on input line 1348.
Package xcolor Info: Model `hsb' substituted by `rgb' on input line 1352.
Package xcolor Info: Model `RGB' extended on input line 1364.
Package xcolor Info: Model `HTML' substituted by `rgb' on input line 1366.
Package xcolor Info: Model `Hsb' substituted by `hsb' on input line 1367.
Package xcolor Info: Model `tHsb' substituted by `hsb' on input line 1368.
Package xcolor Info: Model `HSB' substituted by `hsb' on input line 1369.
Package xcolor Info: Model `Gray' substituted by `gray' on input line 1370.
Package xcolor Info: Model `wave' substituted by `hsb' on input line 1371.

(/usr/local/texlive/2017/texmf-dist/tex/latex/graphics/dvipsnam.def
File: dvipsnam.def 2016/06/17 v3.0m Driver-dependent file (DPC,SPQR)
)
(/usr/local/texlive/2017/texmf-dist/tex/latex/xcolor/svgnam.def
File: svgnam.def 2016/05/11 v2.12 Predefined colors according to SVG 1.1 (UK)
))
(/usr/local/texlive/2017/texmf-dist/tex/latex/natbib/natbib.sty
Package: natbib 2010/09/13 8.31b (PWD, AO)
\bibhang=\skip70
\bibsep=\skip71
LaTeX Info: Redefining \cite on input line 694.
\c@NAT@ctr=\count110
)
(/usr/local/texlive/2017/texmf-dist/tex/latex/natbib/bibentry.sty
Package: bibentry 2007/10/30 1.5 (PWD)
)
(./Lab_Manual.bbl)
\c@@tufte@num@bibkeys=\count111

(/usr/local/texlive/2017/texmf-dist/tex/latex/sauerj/optparams.sty
Package: optparams 2004/08/14 v0.9 multiple optional parameters in macros
)
\@tufte@sidenote@vertical@offset=\skip72

(/usr/local/texlive/2017/texmf-dist/tex/latex/placeins/placeins.sty
Package: placeins 2005/04/18  v 2.2
)
\@tufte@margin@floatbox=\box27
\@tufte@figure@box=\box28
\@tufte@caption@box=\box29
\@tufte@caption@vertical@offset=\skip73
\@tufte@float@contents@width=\skip74

(/usr/local/texlive/2017/texmf-dist/tex/latex/psnfss/mathpazo.sty
Package: mathpazo 2005/04/12 PSNFSS-v9.2a Palatino w/ Pazo Math (D.Puga, WaS) 
\symupright=\mathgroup4
)
(/usr/local/texlive/2017/texmf-dist/tex/latex/psnfss/helvet.sty
Package: helvet 2005/04/12 PSNFSS-v9.2a (WaS) 
)
(/usr/local/texlive/2017/texmf-dist/tex/latex/bera/beramono.sty
Package: beramono 2004/01/31 (WaS)
)
(/usr/local/texlive/2017/texmf-dist/tex/latex/base/fontenc.sty
Package: fontenc 2017/04/05 v2.0i Standard LaTeX package

(/usr/local/texlive/2017/texmf-dist/tex/latex/base/t1enc.def
File: t1enc.def 2017/04/05 v2.0i Standard LaTeX file
LaTeX Font Info:    Redeclaring font encoding T1 on input line 48.
))
(/usr/local/texlive/2017/texmf-dist/tex/latex/base/textcomp.sty
Package: textcomp 2017/04/05 v2.0i Standard LaTeX package
Package textcomp Info: Sub-encoding information:
(textcomp)               5 = only ISO-Adobe without \textcurrency
(textcomp)               4 = 5 + \texteuro
(textcomp)               3 = 4 + \textohm
(textcomp)               2 = 3 + \textestimated + \textcurrency
(textcomp)               1 = TS1 - \textcircled - \t
(textcomp)               0 = TS1 (full)
(textcomp)             Font families with sub-encoding setting implement
(textcomp)             only a restricted character set as indicated.
(textcomp)             Family '?' is the default used for unknown fonts.
(textcomp)             See the documentation for details.
Package textcomp Info: Setting ? sub-encoding to TS1/1 on input line 79.

(/usr/local/texlive/2017/texmf-dist/tex/latex/base/ts1enc.def
File: ts1enc.def 2001/06/05 v3.0e (jk/car/fm) Standard LaTeX file
)
LaTeX Info: Redefining \oldstylenums on input line 334.
Package textcomp Info: Setting cmr sub-encoding to TS1/0 on input line 349.
Package textcomp Info: Setting cmss sub-encoding to TS1/0 on input line 350.
Package textcomp Info: Setting cmtt sub-encoding to TS1/0 on input line 351.
Package textcomp Info: Setting cmvtt sub-encoding to TS1/0 on input line 352.
Package textcomp Info: Setting cmbr sub-encoding to TS1/0 on input line 353.
Package textcomp Info: Setting cmtl sub-encoding to TS1/0 on input line 354.
Package textcomp Info: Setting ccr sub-encoding to TS1/0 on input line 355.
Package textcomp Info: Setting ptm sub-encoding to TS1/4 on input line 356.
Package textcomp Info: Setting pcr sub-encoding to TS1/4 on input line 357.
Package textcomp Info: Setting phv sub-encoding to TS1/4 on input line 358.
Package textcomp Info: Setting ppl sub-encoding to TS1/3 on input line 359.
Package textcomp Info: Setting pag sub-encoding to TS1/4 on input line 360.
Package textcomp Info: Setting pbk sub-encoding to TS1/4 on input line 361.
Package textcomp Info: Setting pnc sub-encoding to TS1/4 on input line 362.
Package textcomp Info: Setting pzc sub-encoding to TS1/4 on input line 363.
Package textcomp Info: Setting bch sub-encoding to TS1/4 on input line 364.
Package textcomp Info: Setting put sub-encoding to TS1/5 on input line 365.
Package textcomp Info: Setting uag sub-encoding to TS1/5 on input line 366.
Package textcomp Info: Setting ugq sub-encoding to TS1/5 on input line 367.
Package textcomp Info: Setting ul8 sub-encoding to TS1/4 on input line 368.
Package textcomp Info: Setting ul9 sub-encoding to TS1/4 on input line 369.
Package textcomp Info: Setting augie sub-encoding to TS1/5 on input line 370.
Package textcomp Info: Setting dayrom sub-encoding to TS1/3 on input line 371.
Package textcomp Info: Setting dayroms sub-encoding to TS1/3 on input line 372.

Package textcomp Info: Setting pxr sub-encoding to TS1/0 on input line 373.
Package textcomp Info: Setting pxss sub-encoding to TS1/0 on input line 374.
Package textcomp Info: Setting pxtt sub-encoding to TS1/0 on input line 375.
Package textcomp Info: Setting txr sub-encoding to TS1/0 on input line 376.
Package textcomp Info: Setting txss sub-encoding to TS1/0 on input line 377.
Package textcomp Info: Setting txtt sub-encoding to TS1/0 on input line 378.
Package textcomp Info: Setting lmr sub-encoding to TS1/0 on input line 379.
Package textcomp Info: Setting lmdh sub-encoding to TS1/0 on input line 380.
Package textcomp Info: Setting lmss sub-encoding to TS1/0 on input line 381.
Package textcomp Info: Setting lmssq sub-encoding to TS1/0 on input line 382.
Package textcomp Info: Setting lmvtt sub-encoding to TS1/0 on input line 383.
Package textcomp Info: Setting lmtt sub-encoding to TS1/0 on input line 384.
Package textcomp Info: Setting qhv sub-encoding to TS1/0 on input line 385.
Package textcomp Info: Setting qag sub-encoding to TS1/0 on input line 386.
Package textcomp Info: Setting qbk sub-encoding to TS1/0 on input line 387.
Package textcomp Info: Setting qcr sub-encoding to TS1/0 on input line 388.
Package textcomp Info: Setting qcs sub-encoding to TS1/0 on input line 389.
Package textcomp Info: Setting qpl sub-encoding to TS1/0 on input line 390.
Package textcomp Info: Setting qtm sub-encoding to TS1/0 on input line 391.
Package textcomp Info: Setting qzc sub-encoding to TS1/0 on input line 392.
Package textcomp Info: Setting qhvc sub-encoding to TS1/0 on input line 393.
Package textcomp Info: Setting futs sub-encoding to TS1/4 on input line 394.
Package textcomp Info: Setting futx sub-encoding to TS1/4 on input line 395.
Package textcomp Info: Setting futj sub-encoding to TS1/4 on input line 396.
Package textcomp Info: Setting hlh sub-encoding to TS1/3 on input line 397.
Package textcomp Info: Setting hls sub-encoding to TS1/3 on input line 398.
Package textcomp Info: Setting hlst sub-encoding to TS1/3 on input line 399.
Package textcomp Info: Setting hlct sub-encoding to TS1/5 on input line 400.
Package textcomp Info: Setting hlx sub-encoding to TS1/5 on input line 401.
Package textcomp Info: Setting hlce sub-encoding to TS1/5 on input line 402.
Package textcomp Info: Setting hlcn sub-encoding to TS1/5 on input line 403.
Package textcomp Info: Setting hlcw sub-encoding to TS1/5 on input line 404.
Package textcomp Info: Setting hlcf sub-encoding to TS1/5 on input line 405.
Package textcomp Info: Setting pplx sub-encoding to TS1/3 on input line 406.
Package textcomp Info: Setting pplj sub-encoding to TS1/3 on input line 407.
Package textcomp Info: Setting ptmx sub-encoding to TS1/4 on input line 408.
Package textcomp Info: Setting ptmj sub-encoding to TS1/4 on input line 409.
)
(/usr/local/texlive/2017/texmf-dist/tex/latex/fancyhdr/fancyhdr.sty
Package: fancyhdr 2016/09/06 3.8 Extensive control of page headers and footers
\fancy@headwidth=\skip75
\f@ncyO@elh=\skip76
\f@ncyO@erh=\skip77
\f@ncyO@olh=\skip78
\f@ncyO@orh=\skip79
\f@ncyO@elf=\skip80
\f@ncyO@erf=\skip81
\f@ncyO@olf=\skip82
\f@ncyO@orf=\skip83
)
\tufteskipamount=\skip84

(/usr/local/texlive/2017/texmf-dist/tex/latex/tools/multicol.sty
Package: multicol 2017/04/11 v1.8q multicolumn formatting (FMi)
\c@tracingmulticols=\count112
\mult@box=\box30
\multicol@leftmargin=\dimen124
\c@unbalance=\count113
\c@collectmore=\count114
\doublecol@number=\count115
\multicoltolerance=\count116
\multicolpretolerance=\count117
\full@width=\dimen125
\page@free=\dimen126
\premulticols=\dimen127
\postmulticols=\dimen128
\multicolsep=\skip85
\multicolbaselineskip=\skip86
\partial@page=\box31
\last@line=\box32
\maxbalancingoverflow=\dimen129
\mult@rightbox=\box33
\mult@grightbox=\box34
\mult@gfirstbox=\box35
\mult@firstbox=\box36
\@tempa=\box37
\@tempa=\box38
\@tempa=\box39
\@tempa=\box40
\@tempa=\box41
\@tempa=\box42
\@tempa=\box43
\@tempa=\box44
\@tempa=\box45
\@tempa=\box46
\@tempa=\box47
\@tempa=\box48
\@tempa=\box49
\@tempa=\box50
\@tempa=\box51
\@tempa=\box52
\@tempa=\box53
\c@columnbadness=\count118
\c@finalcolumnbadness=\count119
\last@try=\dimen130
\multicolovershoot=\dimen131
\multicolundershoot=\dimen132
\mult@nat@firstbox=\box54
\colbreak@box=\box55
\mc@col@check@num=\count120
)))
(/usr/local/texlive/2017/texmf-dist/tex/latex/listings/listings.sty
\lst@mode=\count121
\lst@gtempboxa=\box56
\lst@token=\toks19
\lst@length=\count122
\lst@currlwidth=\dimen133
\lst@column=\count123
\lst@pos=\count124
\lst@lostspace=\dimen134
\lst@width=\dimen135
\lst@newlines=\count125
\lst@lineno=\count126
\lst@maxwidth=\dimen136

(/usr/local/texlive/2017/texmf-dist/tex/latex/listings/lstmisc.sty
File: lstmisc.sty 2015/06/04 1.6 (Carsten Heinz)
\c@lstnumber=\count127
\lst@skipnumbers=\count128
\lst@framebox=\box57
)
(/usr/local/texlive/2017/texmf-dist/tex/latex/listings/listings.cfg
File: listings.cfg 2015/06/04 1.6 listings configuration
))
Package: listings 2015/06/04 1.6 (Carsten Heinz)

(/usr/local/texlive/2017/texmf-dist/tex/latex/graphics/graphicx.sty
Package: graphicx 2014/10/28 v1.0g Enhanced LaTeX Graphics (DPC,SPQR)

(/usr/local/texlive/2017/texmf-dist/tex/latex/graphics/graphics.sty
Package: graphics 2017/04/14 v1.1b Standard LaTeX Graphics (DPC,SPQR)

(/usr/local/texlive/2017/texmf-dist/tex/latex/graphics/trig.sty
Package: trig 2016/01/03 v1.10 sin cos tan (DPC)
)
(/usr/local/texlive/2017/texmf-dist/tex/latex/graphics-cfg/graphics.cfg
File: graphics.cfg 2016/06/04 v1.11 sample graphics configuration
)
Package graphics Info: Driver file: pdftex.def on input line 99.
)
\Gin@req@height=\dimen137
\Gin@req@width=\dimen138
)
(/usr/local/texlive/2017/texmf-dist/tex/latex/tools/enumerate.sty
Package: enumerate 2015/07/23 v3.00 enumerate extensions (DPC)
\@enLab=\toks20
)
(/usr/local/texlive/2017/texmf-dist/tex/latex/base/makeidx.sty
Package: makeidx 2014/09/29 v1.0m Standard LaTeX package
)
(/usr/local/texlive/2017/texmf-dist/tex/latex/amsmath/amsmath.sty
Package: amsmath 2016/11/05 v2.16a AMS math features
\@mathmargin=\skip87

For additional information on amsmath, use the `?' option.
(/usr/local/texlive/2017/texmf-dist/tex/latex/amsmath/amstext.sty
Package: amstext 2000/06/29 v2.01 AMS text

(/usr/local/texlive/2017/texmf-dist/tex/latex/amsmath/amsgen.sty
File: amsgen.sty 1999/11/30 v2.0 generic functions
\@emptytoks=\toks21
\ex@=\dimen139
))
(/usr/local/texlive/2017/texmf-dist/tex/latex/amsmath/amsbsy.sty
Package: amsbsy 1999/11/29 v1.2d Bold Symbols
\pmbraise@=\dimen140
)
(/usr/local/texlive/2017/texmf-dist/tex/latex/amsmath/amsopn.sty
Package: amsopn 2016/03/08 v2.02 operator names
)
\inf@bad=\count129
LaTeX Info: Redefining \frac on input line 213.
\uproot@=\count130
\leftroot@=\count131
LaTeX Info: Redefining \overline on input line 375.
\classnum@=\count132
\DOTSCASE@=\count133
LaTeX Info: Redefining \ldots on input line 472.
LaTeX Info: Redefining \dots on input line 475.
LaTeX Info: Redefining \cdots on input line 596.
\Mathstrutbox@=\box58
\strutbox@=\box59
\big@size=\dimen141
LaTeX Font Info:    Redeclaring font encoding OML on input line 712.
LaTeX Font Info:    Redeclaring font encoding OMS on input line 713.
\macc@depth=\count134
\c@MaxMatrixCols=\count135
\dotsspace@=\muskip11
\c@parentequation=\count136
\dspbrk@lvl=\count137
\tag@help=\toks22
\row@=\count138
\column@=\count139
\maxfields@=\count140
\andhelp@=\toks23
\eqnshift@=\dimen142
\alignsep@=\dimen143
\tagshift@=\dimen144
\tagwidth@=\dimen145
\totwidth@=\dimen146
\lineht@=\dimen147
\@envbody=\toks24
\multlinegap=\skip88
\multlinetaggap=\skip89
\mathdisplay@stack=\toks25
LaTeX Info: Redefining \[ on input line 2817.
LaTeX Info: Redefining \] on input line 2818.
)
(/usr/local/texlive/2017/texmf-dist/tex/latex/pdfpages/pdfpages.sty
Package: pdfpages 2017/01/14 v0.5h Insert pages of external PDF documents (AM)

(/usr/local/texlive/2017/texmf-dist/tex/latex/eso-pic/eso-pic.sty
Package: eso-pic 2015/07/21 v2.0g eso-pic (RN)
)
\AM@pagewidth=\dimen148
\AM@pageheight=\dimen149

(/usr/local/texlive/2017/texmf-dist/tex/latex/pdfpages/pppdftex.def
File: pppdftex.def 2017/01/14 v0.5h Pdfpages driver for pdfTeX (AM)
)
\AM@pagebox=\box60
\AM@global@opts=\toks26
\AM@toc@title=\toks27
\c@AM@survey=\count141
\AM@templatesizebox=\box61
)
Package hyperref Info: Option `colorlinks' set `true' on input line 13.

(/usr/local/texlive/2017/texmf-dist/tex/latex/microtype/microtype.sty
Package: microtype 2016/05/14 v2.6a Micro-typographical refinements (RS)
\MT@toks=\toks28
\MT@count=\count142
LaTeX Info: Redefining \textls on input line 774.
\MT@outer@kern=\dimen150
LaTeX Info: Redefining \textmicrotypecontext on input line 1310.
\MT@listname@count=\count143

(/usr/local/texlive/2017/texmf-dist/tex/latex/microtype/microtype-pdftex.def
File: microtype-pdftex.def 2016/05/14 v2.6a Definitions specific to pdftex (RS)

LaTeX Info: Redefining \lsstyle on input line 916.
LaTeX Info: Redefining \lslig on input line 916.
\MT@outer@space=\skip90
)
Package microtype Info: Loading configuration file microtype.cfg.

(/usr/local/texlive/2017/texmf-dist/tex/latex/microtype/microtype.cfg
File: microtype.cfg 2016/05/14 v2.6a microtype main configuration file (RS)
))
(/usr/local/texlive/2017/texmf-dist/tex/latex/fancyvrb/fancyvrb.sty
Package: fancyvrb 2008/02/07

Style option: `fancyvrb' v2.7a, with DG/SPQR fixes, and firstline=lastline fix 
<2008/02/07> (tvz)
\FV@CodeLineNo=\count144
\FV@InFile=\read1
\FV@TabBox=\box62
\c@FancyVerbLine=\count145
\FV@StepNumber=\count146
\FV@OutFile=\write3
)
(/usr/local/texlive/2017/texmf-dist/tex/latex/framed/framed.sty
Package: framed 2011/10/22 v 0.96: framed or shaded text with page breaks
\OuterFrameSep=\skip91
\fb@frw=\dimen151
\fb@frh=\dimen152
\FrameRule=\dimen153
\FrameSep=\dimen154
)
(/usr/local/texlive/2017/texmf-dist/tex/latex/listings/lstlang1.sty
File: lstlang1.sty 2015/06/04 1.6 listings language file
)
(/usr/local/texlive/2017/texmf-dist/tex/latex/listings/lstlang2.sty
File: lstlang2.sty 2015/06/04 1.6 listings language file
)
(/usr/local/texlive/2017/texmf-dist/tex/latex/listings/lstlang3.sty
File: lstlang3.sty 2015/06/04 1.6 listings language file
)
(/usr/local/texlive/2017/texmf-dist/tex/latex/base/alltt.sty
Package: alltt 1997/06/16 v2.0g defines alltt environment
)
(/usr/local/texlive/2017/texmf-dist/tex/latex/upquote/upquote.sty
Package: upquote 2012/04/19 v1.3 upright-quote and grave-accent glyphs in verba
tim
)
\@indexfile=\write4
\openout4 = `Lab_Manual.idx'.


Writing index file Lab_Manual.idx
(./Lab_Manual.aux

LaTeX Warning: Label `simulating-the-data' multiply defined.


LaTeX Warning: Label `plotting-the-data' multiply defined.

)
\openout1 = `Lab_Manual.aux'.

LaTeX Font Info:    Checking defaults for OML/cmm/m/it on input line 170.
LaTeX Font Info:    ... okay on input line 170.
LaTeX Font Info:    Checking defaults for T1/cmr/m/n on input line 170.
LaTeX Font Info:    ... okay on input line 170.
LaTeX Font Info:    Checking defaults for OT1/cmr/m/n on input line 170.
LaTeX Font Info:    ... okay on input line 170.
LaTeX Font Info:    Checking defaults for OMS/cmsy/m/n on input line 170.
LaTeX Font Info:    ... okay on input line 170.
LaTeX Font Info:    Checking defaults for OMX/cmex/m/n on input line 170.
LaTeX Font Info:    ... okay on input line 170.
LaTeX Font Info:    Checking defaults for U/cmr/m/n on input line 170.
LaTeX Font Info:    ... okay on input line 170.
LaTeX Font Info:    Checking defaults for PD1/pdf/m/n on input line 170.
LaTeX Font Info:    ... okay on input line 170.
LaTeX Font Info:    Checking defaults for PU/pdf/m/n on input line 170.
LaTeX Font Info:    ... okay on input line 170.
LaTeX Font Info:    Checking defaults for TS1/cmr/m/n on input line 170.
LaTeX Font Info:    Try loading font information for TS1+cmr on input line 170.

 (/usr/local/texlive/2017/texmf-dist/tex/latex/base/ts1cmr.fd
File: ts1cmr.fd 2014/09/29 v2.5h Standard LaTeX font definitions
)
LaTeX Font Info:    ... okay on input line 170.
LaTeX Font Info:    Try loading font information for T1+pplj on input line 170.


(/usr/local/texlive/2017/texmf-dist/tex/latex/psnfss/t1pplj.fd
File: t1pplj.fd 2004/09/06 font definitions for T1/pplj.
)
\AtBeginShipoutBox=\box63
Package hyperref Info: Link coloring ON on input line 170.

(/usr/local/texlive/2017/texmf-dist/tex/latex/hyperref/nameref.sty
Package: nameref 2016/05/21 v2.44 Cross-referencing by name of section

(/usr/local/texlive/2017/texmf-dist/tex/generic/oberdiek/gettitlestring.sty
Package: gettitlestring 2016/05/16 v1.5 Cleanup title references (HO)
)
\c@section@level=\count147
)
LaTeX Info: Redefining \ref on input line 170.
LaTeX Info: Redefining \pageref on input line 170.
LaTeX Info: Redefining \nameref on input line 170.

(./Lab_Manual.out) (./Lab_Manual.out)
\@outlinefile=\write5
\openout5 = `Lab_Manual.out'.

 ABD: EverySelectfont initializing macros
LaTeX Info: Redefining \selectfont on input line 170.

*geometry* driver: auto-detecting
*geometry* detected driver: pdftex
*geometry* verbose mode - [ preamble ] result:
* driver: pdftex
* paper: letterpaper
* layout: <same size as paper>
* layoutoffset:(h,v)=(0.0pt,0.0pt)
* modes: twoside asymmetric 
* h-part:(L,W,R)=(72.26999pt, 312.0pt, 230.02501pt)
* v-part:(T,H,B)=(72.26999pt, 616.0pt, 106.7pt)
* \paperwidth=614.295pt
* \paperheight=794.96999pt
* \textwidth=312.0pt
* \textheight=616.0pt
* \oddsidemargin=0.0pt
* \evensidemargin=0.0pt
* \topmargin=-42.0pt
* \headheight=14.0pt
* \headsep=28.0pt
* \topskip=10.0pt
* \footskip=25.29494pt
* \marginparwidth=144.0pt
* \marginparsep=24.0pt
* \columnsep=10.0pt
* \skip\footins=9.0pt plus 4.0pt minus 2.0pt
* \hoffset=0.0pt
* \voffset=0.0pt
* \mag=1000
* \@twocolumnfalse
* \@twosidetrue
* \@mparswitchfalse
* \@reversemarginfalse
* (1in=72.27pt=25.4mm, 1cm=28.453pt)

LaTeX Info: Redefining \microtypecontext on input line 170.
Package microtype Info: Generating PDF output.
Package microtype Info: Character protrusion enabled (level 2).
Package microtype Info: Using default protrusion set `alltext'.
Package microtype Info: Automatic font expansion enabled (level 2),
(microtype)             stretch: 20, shrink: 20, step: 1, non-selected.
Package microtype Info: Using default expansion set `basictext'.
Package microtype Info: No adjustment of tracking.
Package microtype Info: No adjustment of interword spacing.
Package microtype Info: No adjustment of character kerning.
(/usr/local/texlive/2017/texmf-dist/tex/latex/microtype/mt-ppl.cfg
File: mt-ppl.cfg 2005/11/16 v1.6 microtype config. file: Palatino (RS)
)
(/usr/local/texlive/2017/texmf-dist/tex/context/base/mkii/supp-pdf.mkii
[Loading MPS to PDF converter (version 2006.09.02).]
\scratchcounter=\count148
\scratchdimen=\dimen155
\scratchbox=\box64
\nofMPsegments=\count149
\nofMParguments=\count150
\everyMPshowfont=\toks29
\MPscratchCnt=\count151
\MPscratchDim=\dimen156
\MPnumerator=\count152
\makeMPintoPDFobject=\count153
\everyMPtoPDFconversion=\toks30
) (/usr/local/texlive/2017/texmf-dist/tex/latex/oberdiek/epstopdf-base.sty
Package: epstopdf-base 2016/05/15 v2.6 Base part for package epstopdf

(/usr/local/texlive/2017/texmf-dist/tex/latex/oberdiek/grfext.sty
Package: grfext 2016/05/16 v1.2 Manage graphics extensions (HO)
)
Package epstopdf-base Info: Redefining graphics rule for `.eps' on input line 4
38.
Package grfext Info: Graphics extension search list:
(grfext)             [.png,.pdf,.jpg,.mps,.jpeg,.jbig2,.jb2,.PNG,.PDF,.JPG,.JPE
G,.JBIG2,.JB2,.eps]
(grfext)             \AppendGraphicsExtensions on input line 456.

(/usr/local/texlive/2017/texmf-dist/tex/latex/latexconfig/epstopdf-sys.cfg
File: epstopdf-sys.cfg 2010/07/13 v1.3 Configuration of (r)epstopdf for TeX Liv
e
))
\langwohyphens=\language84
\c@lstlisting=\count154

(/usr/local/texlive/2017/texmf-dist/tex/latex/oberdiek/pdflscape.sty
Package: pdflscape 2016/05/14 v0.11 Display of landscape pages in PDF (HO)

(/usr/local/texlive/2017/texmf-dist/tex/latex/graphics/lscape.sty
Package: lscape 2000/10/22 v3.01 Landscape Pages (DPC)
)
Package pdflscape Info: Auto-detected driver: pdftex on input line 81.
)
LaTeX Font Info:    Try loading font information for T1+phv on input line 174.

(/usr/local/texlive/2017/texmf-dist/tex/latex/psnfss/t1phv.fd
File: t1phv.fd 2001/06/04 scalable font definitions for T1/phv.
)
LaTeX Font Info:    Font shape `T1/phv/m/n' will be
(Font)              scaled to size 8.99994pt on input line 174.
Package microtype Info: Loading generic settings for font family
(microtype)             `phv' (encoding: T1).
(microtype)             For optimal results, create family-specific settings.
(microtype)             See the microtype manual for details.
LaTeX Font Info:    Font shape `T1/phv/m/n' will be
(Font)              scaled to size 16.19989pt on input line 174.
LaTeX Font Info:    Font shape `T1/phv/m/n' will be
(Font)              scaled to size 32.39978pt on input line 174.

Overfull \hbox (60.50824pt too wide) in paragraph at lines 174--174
[]\T1/phv/m/n/36/200ls EXPERIMENTAL PSY-CHOL- 
 []

LaTeX Font Info:    Font shape `T1/phv/m/n' will be
(Font)              scaled to size 12.59991pt on input line 174.
LaTeX Font Info:    Font shape `T1/phv/m/it' in size <14> not available
(Font)              Font shape `T1/phv/m/sl' tried instead on input line 174.
LaTeX Font Info:    Font shape `T1/phv/m/sl' will be
(Font)              scaled to size 12.59991pt on input line 174.
[1



{/usr/local/texlive/2017/texmf-var/fonts/map/pdftex/updmap/pdftex.map}]
LaTeX Font Info:    Font shape `T1/phv/m/n' will be
(Font)              scaled to size 9.85492pt on input line 182.

Overfull \hbox (0.15958pt too wide) in paragraph at lines 182--182
\T1/phv/m/n/10.95/200ls (+13) NESS, SMOOTH-NESS, COLD-NESS, WARM-NESS: THEY HEF
T, SHAKE, PUNCH, 
 []

[2

] (./Lab_Manual.toc [3

] [4] [5] [6] [7])
\tf@toc=\write6
\openout6 = `Lab_Manual.toc'.

 [8] (./Overview.tex
Overfull \hbox (0.13327pt too wide) in paragraph at lines 17--18
\T1/pplj/m/n/10 (+10) on themselves, and analyze the class data using appropria
te statistics. 
 []

[9

]
Overfull \hbox (0.12666pt too wide) in paragraph at lines 27--28
\T1/pplj/m/n/10 (+9) their fi-nal project. The last lab is re-served for the gr
oup pre-sen-ta-tions 
 []

[10]
LaTeX Font Info:    Try loading font information for T1+fvm on input line 41.
 (/usr/local/texlive/2017/texmf-dist/tex/latex/bera/t1fvm.fd
File: t1fvm.fd 2004/09/07 scalable font definitions for T1/fvm.
)
LaTeX Font Info:    Font shape `T1/fvm/m/n' will be
(Font)              scaled to size 8.50006pt on input line 41.
Package microtype Info: Loading generic settings for font family
(microtype)             `fvm' (encoding: T1).
(microtype)             For optimal results, create family-specific settings.
(microtype)             See the microtype manual for details.
LaTeX Font Info:    Try loading font information for OT1+pplx on input line 41.


(/usr/local/texlive/2017/texmf-dist/tex/latex/psnfss/ot1pplx.fd
File: ot1pplx.fd 2004/09/06 font definitions for OT1/pplx.
)
LaTeX Font Info:    Try loading font information for OML+zplm on input line 41.


(/usr/local/texlive/2017/texmf-dist/tex/latex/psnfss/omlzplm.fd
File: omlzplm.fd 2002/09/08 Fontinst v1.914 font definitions for OML/zplm.
)
LaTeX Font Info:    Try loading font information for OMS+zplm on input line 41.


(/usr/local/texlive/2017/texmf-dist/tex/latex/psnfss/omszplm.fd
File: omszplm.fd 2002/09/08 Fontinst v1.914 font definitions for OMS/zplm.
)
LaTeX Font Info:    Try loading font information for OMX+zplm on input line 41.


(/usr/local/texlive/2017/texmf-dist/tex/latex/psnfss/omxzplm.fd
File: omxzplm.fd 2002/09/08 Fontinst v1.914 font definitions for OMX/zplm.
)
LaTeX Font Info:    Try loading font information for OT1+zplm on input line 41.


(/usr/local/texlive/2017/texmf-dist/tex/latex/psnfss/ot1zplm.fd
File: ot1zplm.fd 2002/09/08 Fontinst v1.914 font definitions for OT1/zplm.
)
Package microtype Info: Loading generic settings for font family
(microtype)             `zplm' (encoding: OT1).
(microtype)             For optimal results, create family-specific settings.
(microtype)             See the microtype manual for details.


LaTeX Warning: Marginpar on page 11 moved.

[11]

LaTeX Warning: Marginpar on page 12 moved.


LaTeX Warning: Marginpar on page 12 moved.

[12]

LaTeX Warning: Marginpar on page 13 moved.


LaTeX Warning: Marginpar on page 13 moved.


LaTeX Warning: Marginpar on page 13 moved.

[13]) [14] (./QALMRI.tex
Overfull \hbox (0.10146pt too wide) in paragraph at lines 4--5
\T1/pplj/m/n/10 (+16) er-a-ture, where other re-searchers have asked and an-swe
red ques-tions, 
 []

[15

]

LaTeX Warning: Marginpar on page 16 moved.

[16]
Overfull \hbox (0.11613pt too wide) in paragraph at lines 32--33
[]\T1/pplj/m/n/10 (+20) Again, be sure to identify the broad and specific quest
ion relevant 
 []


Overfull \hbox (0.10771pt too wide) in paragraph at lines 36--37
\T1/pplj/m/n/10 (+11) top-down processes can affect perception. The alternative
 hypothesis, 
 []


Overfull \hbox (0.11037pt too wide) in paragraph at lines 40--41
\T1/pplj/m/n/10 (+15) which you re-state the al-ter-na-tives you of-fered ("If 
X,"), and then state 
 []

[17]
Overfull \hbox (0.14348pt too wide) in paragraph at lines 52--53
\T1/pplj/m/n/10 (+13) ment that could have led to the pat-tern of re-sults you 
ob-tained. Were 
 []

[18]

LaTeX Warning: Marginpar on page 19 moved.

LaTeX Font Info:    Try loading font information for TS1+pplj on input line 61.

(/usr/local/texlive/2017/texmf-dist/tex/latex/psnfss/ts1pplj.fd
File: ts1pplj.fd 2004/09/06 font definitions for TS1/pplj.
)

LaTeX Warning: Marginpar on page 19 moved.


Overfull \hbox (0.14905pt too wide) in paragraph at lines 77--78
\T1/pplj/m/n/10 (+11) understand and represent the spatial relationships betwee
n objects in 
 []

[19]
Overfull \hbox (0.13715pt too wide) in paragraph at lines 84--85
[]\T1/pplj/m/n/10 (+9) Typists have an internal cognitive spatial map of the ke
yboard that 
 []


Overfull \hbox (0.12744pt too wide) in paragraph at lines 90--91
\T1/pplj/m/n/10 (+7) should still be able to put their fingers in the correct l
ocations even 
 []


Overfull \hbox (0.14206pt too wide) in paragraph at lines 100--101
\T1/pplj/m/n/10 (+2) Typists were fast and ac-cu-rate in the nor-mal key-board 
con-di-tion. Typ- 
 []

[20]
Overfull \hbox (0.11491pt too wide) in paragraph at lines 108--110
\T1/pplj/m/n/10 (+6) Most psychology journal articles are in APA format. See th
e textbook, 
 []


LaTeX Warning: Marginpar on page 21 moved.

[21] [22]
Overfull \hbox (0.17183pt too wide) in paragraph at lines 155--156
\T1/pplj/m/n/10 (+17) Ba-si-cally, they recorded sub-jects all day long in thei
r nat-u-ral en-vi-ron- 
 []

[23]
Overfull \hbox (0.13733pt too wide) in paragraph at lines 171--172
\T1/pplj/m/n/10 (+16) than men. So, even though the authors do not describe thi
s theory in 
 []


Overfull \hbox (0.11102pt too wide) in paragraph at lines 171--172
\T1/pplj/m/n/10 (+18) detail to explain how it works, and why it might predict 
that women 
 []

[24]

LaTeX Warning: Marginpar on page 25 moved.

[25] [26]
Overfull \hbox (0.12761pt too wide) in paragraph at lines 239--240
[]\T1/pplj/m/n/10 (+20) Each theoretical hypothesis implies particular empirica
l outcomes. 
 []

) [27] [28

] (./Paper1.tex
Overfull \hbox (0.11356pt too wide) in paragraph at lines 6--7
\T1/pplj/m/n/10 (+1) as a subject in the experiment. Then, as a class you will 
be introduced 
 []

[29]
Overfull \hbox (0.10863pt too wide) in paragraph at lines 44--45
\T1/pplj/m/n/10 (+17) The goal of the introduction is to first put the research
 into a broader 
 []

[30] [31]
Overfull \hbox (0.12422pt too wide) in paragraph at lines 120--121
\T1/pplj/m/n/10 (+5) alternative theory? What can be generalized to the real wo
rld? Are 
 []

(./lab1.tex
Overfull \hbox (0.14386pt too wide) in paragraph at lines 4--16
\T1/pplj/m/n/10 (+13) In lab one you will be collecting measurements on several
 dependent 
 []


Overfull \hbox (0.10663pt too wide) in paragraph at lines 4--16
\T1/pplj/m/n/10 (+16) alone. To do this we will be conducting several t-tests. 
This is a short 
 []


Overfull \hbox (0.13634pt too wide) in paragraph at lines 4--16
\T1/pplj/m/n/10 (+5) primer on the process. You can conduct t-tests in the soft
ware of your 
 []

[32]
LaTeX Font Info:    Font shape `T1/fvm/bx/n' in size <10> not available
(Font)              Font shape `T1/fvm/b/n' tried instead on input line 36.
LaTeX Font Info:    Font shape `T1/fvm/b/n' will be
(Font)              scaled to size 8.50006pt on input line 36.
 [33]
Overfull \hbox (41.07541pt too wide) in paragraph at lines 123--123
[]\T1/fvm/m/n/10 ## alternative hypothesis: true difference in means is not equ
al to 0[] 
 []

[34]
Overfull \hbox (41.07541pt too wide) in paragraph at lines 213--213
[]\T1/fvm/m/n/10 ## alternative hypothesis: true difference in means is not equ
al to 0[] 
 []

[35])) [36] (./Mini1.texpdfTeX warning (ext4): destination with the same identi
fier (name{cite.nairne_adaptive_2008}) has been already used, duplicate ignored

<to be read again> 
                   \relax 
l.5 ...ive_2008} (2008)\cite{nairne_adaptive_2008}
                                                  . Then, you will attempt t...

LaTeX Warning: Marginpar on page 37 moved.

pdfTeX warning (ext4): destination with the same identifier (name{cite.van_over
schelde_category_2004}) has been already used, duplicate ignored
<to be read again> 
                   \relax 
l.15 ...2004) \cite{van_overschelde_category_2004}
                                                  .

LaTeX Warning: Marginpar on page 37 moved.

(./lab4.tex [37

]
Overfull \hbox (0.10341pt too wide) in paragraph at lines 49--61
\T1/pplj/m/n/10 (+14) more than C and D, and that mem-ory is worse in con-di-ti
on E. Take a 
 []

[38]
Overfull \hbox (0.13712pt too wide) in paragraph at lines 100--107
\T1/pplj/m/n/10 (+4) condition. The numbers all represent the number of correct
ly recalled 
 []

[39]
Overfull \hbox (0.1239pt too wide) in paragraph at lines 191--193
\T1/pplj/m/n/10 (+14) Now that the data is in long format we can easily make a 
table of the 
 []

[40]
Overfull \hbox (0.11395pt too wide) in paragraph at lines 217--226
[]\T1/pplj/m/n/10 (+10) We can now see the group means, but we can't see any me
a-sure of 
 []

[41]
<Lab4_files/figure-latex/unnamed-chunk-5-1.pdf, id=853, 280.04625pt x 167.62625
pt>
File: Lab4_files/figure-latex/unnamed-chunk-5-1.pdf Graphic file (type pdf)
 <use Lab4_files/figure-latex/unnamed-chunk-5-1.pdf>
Package pdftex.def Info: Lab4_files/figure-latex/unnamed-chunk-5-1.pdf used on 
input line 288.
(pdftex.def)             Requested size: 280.04555pt x 167.62582pt.

Overfull \hbox (0.11824pt too wide) in paragraph at lines 290--293
\T1/pplj/m/n/10 (+1) had hoped, Groups A and B appear to have recalled more wor
ds than 
 []


Overfull \hbox (0.13739pt too wide) in paragraph at lines 296--301
\T1/pplj/m/n/10 (+20) means, we still want to find out the prob-a-bil-ity that 
this kind of find- 
 []

[42 <./Lab4_files/figure-latex/unnamed-chunk-5-1.pdf>]
Overfull \hbox (0.13863pt too wide) in paragraph at lines 353--356
[]\T1/pplj/m/n/10 (+3) So, we have to conduct additional tests between specific
 conditions. 
 []

[43]
LaTeX Font Info:    Font shape `T1/fvm/m/it' in size <10> not available
(Font)              Font shape `T1/fvm/m/sl' tried instead on input line 399.
LaTeX Font Info:    Font shape `T1/fvm/m/sl' will be
(Font)              scaled to size 8.50006pt on input line 399.

Overfull \hbox (44.83997pt too wide) in paragraph at lines 413--426
[][]  
 []

[44])) [45] [46

] (./Mini2.tex
Overfull \hbox (0.14381pt too wide) in paragraph at lines 2--2
[]\T1/phv/m/n/10.95/200ls (+18) THE SECRET TO MULTITASKING IS THAT IT ISN'T ACT
UALLY MULTITASKING. 
 []

pdfTeX warning (ext4): destination with the same identifier (name{cite.stoet_ar
e_2013}) has been already used, duplicate ignored
<to be read again> 
                   \relax 
l.5 ...stoet_are_2013} (2013)\cite{stoet_are_2013}
                                                  . Then, you will attempt t...

LaTeX Warning: Marginpar on page 47 moved.

[47]
Overfull \hbox (0.11562pt too wide) in paragraph at lines 34--35
\T1/pplj/m/n/10 (+19) the switch condition compared to the repeat condition. Th
is is called 
 []

[48]
Overfull \hbox (0.10306pt too wide) in paragraph at lines 46--47
\T1/pplj/m/n/10 (+16) What kinds of fac-tors would make this cost ? Per-haps ex
-tended prac- 
 []


Overfull \hbox (0.10701pt too wide) in paragraph at lines 50--50
|\T1/pplj/m/it/10.95 Reducing a two-factor de-sign to a single-factor de-sign u
s-ing dif-fer-ence
 []


Overfull \hbox (0.11006pt too wide) in paragraph at lines 56--57
\T1/pplj/m/n/10 (+16) and the de-pen-dent vari-able of re-ac-tion time. This de
-sign would have 
 []


Overfull \hbox (0.11943pt too wide) in paragraph at lines 58--59
\T1/pplj/m/n/10 (+18) have smaller costs than men would you could run a t-test 
comparing 
 []

[49] (./lab5.tex [50] [51]
<Lab5_files/figure-latex/unnamed-chunk-2-1.pdf, id=910, 265.99374pt x 171.64125
pt>
File: Lab5_files/figure-latex/unnamed-chunk-2-1.pdf Graphic file (type pdf)
 <use Lab5_files/figure-latex/unnamed-chunk-2-1.pdf>
Package pdftex.def Info: Lab5_files/figure-latex/unnamed-chunk-2-1.pdf used on 
input line 149.
(pdftex.def)             Requested size: 265.99309pt x 171.64081pt.

<Lab5_files/figure-latex/unnamed-chunk-3-1.pdf, id=911, 265.99374pt x 171.64125
pt>
File: Lab5_files/figure-latex/unnamed-chunk-3-1.pdf Graphic file (type pdf)
 <use Lab5_files/figure-latex/unnamed-chunk-3-1.pdf>
Package pdftex.def Info: Lab5_files/figure-latex/unnamed-chunk-3-1.pdf used on 
input line 163.
(pdftex.def)             Requested size: 265.99309pt x 171.64081pt.
 [52 <./Lab5_files/figure-latex/unnamed-chunk-2-1.pdf>]
Overfull \hbox (0.11937pt too wide) in paragraph at lines 171--177
\T1/pplj/m/n/10 (+18) variable is between-subjects, and the trial sequence vari
able is within 
 []


Overfull \hbox (23.53996pt too wide) in paragraph at lines 188--203
[][]  
 []

[53 <./Lab5_files/figure-latex/unnamed-chunk-3-1.pdf>]
Overfull \hbox (41.07541pt too wide) in paragraph at lines 258--258
[]\T1/fvm/m/n/10 ## alternative hypothesis: true difference in means is not equ
al to 0[] 
 []


Overfull \hbox (41.07541pt too wide) in paragraph at lines 279--279
[]\T1/fvm/m/n/10 ## alternative hypothesis: true difference in means is not equ
al to 0[] 
 []

[54])) [55] [56

] (./Mini3.texpdfTeX warning (ext4): destination with the same identifier (name
{cite.raz_suggestion_2006}) has been already used, duplicate ignored
<to be read again> 
                   \relax 
l.5 ...tion_2006} (2013)\cite{raz_suggestion_2006}
                                                  . This paper provides some...

LaTeX Warning: Marginpar on page 57 moved.

[57]

LaTeX Warning: Marginpar on page 58 moved.


Overfull \hbox (0.12354pt too wide) in paragraph at lines 27--28
\T1/pplj/m/n/10 (+5) composed of congruent items than incongruent items. This d
ifference 
 []

[58]) [59] [60

] (./Paper2.texpdfTeX warning (ext4): destination with the same identifier (nam
e{cite.yin_looking_1969}) has been already used, duplicate ignored
<to be read again> 
                   \relax 
l.6 ...rception (Yin, 1969)\cite{yin_looking_1969}
                                                  . A replication of the exp...

LaTeX Warning: Marginpar on page 61 moved.

[61]
Overfull \hbox (0.10863pt too wide) in paragraph at lines 44--45
\T1/pplj/m/n/10 (+17) The goal of the introduction is to first put the research
 into a broader 
 []

[62] [63]
Overfull \hbox (0.12422pt too wide) in paragraph at lines 120--121
\T1/pplj/m/n/10 (+5) alternative theory? What can be generalized to the real wo
rld? Are 
 []

) [64] (./Paper3.tex [65

]
Overfull \hbox (0.11462pt too wide) in paragraph at lines 30--32
[]\T1/pplj/m/n/10 (+7) Each individual presentation at a minimum should accompl
ish the 
 []

[66]) [67] [68

] (./stats.tex [69]
<LabmanualFigures/Excel1.pdf, id=1024, 342.47697pt x 199.97188pt>
File: LabmanualFigures/Excel1.pdf Graphic file (type pdf)

<use LabmanualFigures/Excel1.pdf>
Package pdftex.def Info: LabmanualFigures/Excel1.pdf used on input line 36.
(pdftex.def)             Requested size: 218.39905pt x 127.52385pt.

<LabmanualFigures/Excel2.pdf, id=1025, 188.82079pt x 196.19186pt>
File: LabmanualFigures/Excel2.pdf Graphic file (type pdf)

<use LabmanualFigures/Excel2.pdf>
Package pdftex.def Info: LabmanualFigures/Excel2.pdf used on input line 46.
(pdftex.def)             Requested size: 156.0pt x 162.09377pt.

<LabmanualFigures/Excel3.pdf, id=1026, 193.42354pt x 155.3015pt>
File: LabmanualFigures/Excel3.pdf Graphic file (type pdf)

<use LabmanualFigures/Excel3.pdf>
Package pdftex.def Info: LabmanualFigures/Excel3.pdf used on input line 59.
(pdftex.def)             Requested size: 156.0pt x 125.25322pt.
 [70 <./LabmanualFigures/Excel1.pdf> <./LabmanualFigures/Excel2.pdf>]
<LabmanualFigures/Excel4.pdf, id=1098, 274.92023pt x 153.42181pt>
File: LabmanualFigures/Excel4.pdf Graphic file (type pdf)

<use LabmanualFigures/Excel4.pdf>
Package pdftex.def Info: LabmanualFigures/Excel4.pdf used on input line 71.
(pdftex.def)             Requested size: 156.0pt x 87.06038pt.

<LabmanualFigures/Excel5.pdf, id=1099, 270.65892pt x 229.20099pt>
File: LabmanualFigures/Excel5.pdf Graphic file (type pdf)

<use LabmanualFigures/Excel5.pdf>
Package pdftex.def Info: LabmanualFigures/Excel5.pdf used on input line 82.
(pdftex.def)             Requested size: 156.0pt x 132.1043pt.
 [71 <./LabmanualFigures/Excel3.pdf> <./LabmanualFigures/Excel4.pdf>]
<LabmanualFigures/Excel6.pdf, id=1184, 361.09784pt x 74.52463pt>
File: LabmanualFigures/Excel6.pdf Graphic file (type pdf)

<use LabmanualFigures/Excel6.pdf>
Package pdftex.def Info: LabmanualFigures/Excel6.pdf used on input line 97.
(pdftex.def)             Requested size: 156.0pt x 32.19505pt.

<LabmanualFigures/Excel7.pdf, id=1185, 294.03473pt x 141.98686pt>
File: LabmanualFigures/Excel7.pdf Graphic file (type pdf)

<use LabmanualFigures/Excel7.pdf>
Package pdftex.def Info: LabmanualFigures/Excel7.pdf used on input line 107.
(pdftex.def)             Requested size: 156.0pt x 75.33066pt.

<LabmanualFigures/Excel8.pdf, id=1186, 219.11523pt x 175.12357pt>
File: LabmanualFigures/Excel8.pdf Graphic file (type pdf)

<use LabmanualFigures/Excel8.pdf>
Package pdftex.def Info: LabmanualFigures/Excel8.pdf used on input line 117.
(pdftex.def)             Requested size: 156.0pt x 124.68062pt.
 [72 <./LabmanualFigures/Excel5.pdf> <./LabmanualFigures/Excel6.pdf> <./Labmanu
alFigures/Excel7.pdf>]
<LabmanualFigures/Excel9.pdf, id=1327, 274.55003pt x 210.59657pt>
File: LabmanualFigures/Excel9.pdf Graphic file (type pdf)

<use LabmanualFigures/Excel9.pdf>
Package pdftex.def Info: LabmanualFigures/Excel9.pdf used on input line 139.
(pdftex.def)             Requested size: 156.0pt x 119.6621pt.

<LabmanualFigures/Excel10.pdf, id=1328, 348.53586pt x 211.58789pt>
File: LabmanualFigures/Excel10.pdf Graphic file (type pdf)

<use LabmanualFigures/Excel10.pdf>
Package pdftex.def Info: LabmanualFigures/Excel10.pdf used on input line 150.
(pdftex.def)             Requested size: 156.0pt x 94.70354pt.
 [73 <./LabmanualFigures/Excel8.pdf> <./LabmanualFigures/Excel9.pdf>]
<LabmanualFigures/Excel11.pdf, id=1395, 123.03278pt x 161.59903pt>
File: LabmanualFigures/Excel11.pdf Graphic file (type pdf)

<use LabmanualFigures/Excel11.pdf>
Package pdftex.def Info: LabmanualFigures/Excel11.pdf used on input line 170.
(pdftex.def)             Requested size: 156.0pt x 204.90053pt.

<LabmanualFigures/Excel12.pdf, id=1396, 288.87256pt x 378.32027pt>
File: LabmanualFigures/Excel12.pdf Graphic file (type pdf)

<use LabmanualFigures/Excel12.pdf>
Package pdftex.def Info: LabmanualFigures/Excel12.pdf used on input line 179.
(pdftex.def)             Requested size: 156.0pt x 204.31299pt.
 [74 <./LabmanualFigures/Excel10.pdf> <./LabmanualFigures/Excel11.pdf>]
<LabmanualFigures/Excel13.pdf, id=1456, 413.55063pt x 427.09572pt>
File: LabmanualFigures/Excel13.pdf Graphic file (type pdf)

<use LabmanualFigures/Excel13.pdf>
Package pdftex.def Info: LabmanualFigures/Excel13.pdf used on input line 193.
(pdftex.def)             Requested size: 218.39905pt x 225.55154pt.

Overfull \hbox (0.13625pt too wide) in paragraph at lines 200--202
[]\T1/pplj/m/n/10 (+3) If you want to know how many responses occurred for a pa
rticular 
 []

[75 <./LabmanualFigures/Excel12.pdf> <./LabmanualFigures/Excel13.pdf>]
<LabmanualFigures/Excel14.pdf, id=1517, 177.77243pt x 142.20477pt>
File: LabmanualFigures/Excel14.pdf Graphic file (type pdf)

<use LabmanualFigures/Excel14.pdf>
Package pdftex.def Info: LabmanualFigures/Excel14.pdf used on input line 210.
(pdftex.def)             Requested size: 218.39905pt x 174.70901pt.

<LabmanualFigures/Excel15.pdf, id=1518, 368.71982pt x 223.10512pt>
File: LabmanualFigures/Excel15.pdf Graphic file (type pdf)

<use LabmanualFigures/Excel15.pdf>
Package pdftex.def Info: LabmanualFigures/Excel15.pdf used on input line 221.
(pdftex.def)             Requested size: 218.39905pt x 132.14833pt.
 [76 <./LabmanualFigures/Excel14.pdf>]
<LabmanualFigures/Excel16.pdf, id=1607, 318.45947pt x 297.07857pt>
File: LabmanualFigures/Excel16.pdf Graphic file (type pdf)

<use LabmanualFigures/Excel16.pdf>
Package pdftex.def Info: LabmanualFigures/Excel16.pdf used on input line 235.
(pdftex.def)             Requested size: 218.39905pt x 203.73784pt.
 [77 <./LabmanualFigures/Excel15.pdf> <./LabmanualFigures/Excel16.pdf>]
<LabmanualFigures/SPSS1.pdf, id=1727, 150.64944pt x 265.18825pt>
File: LabmanualFigures/SPSS1.pdf Graphic file (type pdf)

<use LabmanualFigures/SPSS1.pdf>
Package pdftex.def Info: LabmanualFigures/SPSS1.pdf used on input line 249.
(pdftex.def)             Requested size: 156.0pt x 274.61984pt.

<LabmanualFigures/SPSS2.pdf, id=1728, 377.83076pt x 135.46721pt>
File: LabmanualFigures/SPSS2.pdf Graphic file (type pdf)

<use LabmanualFigures/SPSS2.pdf>
Package pdftex.def Info: LabmanualFigures/SPSS2.pdf used on input line 258.
(pdftex.def)             Requested size: 156.0pt x 55.93051pt.

<LabmanualFigures/SPSS3.pdf, id=1729, 328.60698pt x 134.24976pt>
File: LabmanualFigures/SPSS3.pdf Graphic file (type pdf)

<use LabmanualFigures/SPSS3.pdf>
Package pdftex.def Info: LabmanualFigures/SPSS3.pdf used on input line 270.
(pdftex.def)             Requested size: 156.0pt x 63.73445pt.

<LabmanualFigures/SPSS4.pdf, id=1730, 367.45291pt x 188.05568pt>
File: LabmanualFigures/SPSS4.pdf Graphic file (type pdf)

<use LabmanualFigures/SPSS4.pdf>
Package pdftex.def Info: LabmanualFigures/SPSS4.pdf used on input line 282.
(pdftex.def)             Requested size: 312.0pt x 159.68164pt.

Underfull \hbox (badness 10000) in paragraph at lines 282--285

 []

[78 <./LabmanualFigures/SPSS1.pdf> <./LabmanualFigures/SPSS2.pdf>]
<LabmanualFigures/SPSS5.pdf, id=1835, 313.68811pt x 502.6487pt>
File: LabmanualFigures/SPSS5.pdf Graphic file (type pdf)

<use LabmanualFigures/SPSS5.pdf>
Package pdftex.def Info: LabmanualFigures/SPSS5.pdf used on input line 302.
(pdftex.def)             Requested size: 218.39905pt x 349.9726pt.
 [79 <./LabmanualFigures/SPSS3.pdf> <./LabmanualFigures/SPSS4.pdf>] [80 <./Labm
anualFigures/SPSS5.pdf>]
<LabmanualFigures/SPSS6.pdf, id=1973, 225.47438pt x 251.64726pt>
File: LabmanualFigures/SPSS6.pdf Graphic file (type pdf)

<use LabmanualFigures/SPSS6.pdf>
Package pdftex.def Info: LabmanualFigures/SPSS6.pdf used on input line 324.
(pdftex.def)             Requested size: 187.2019pt x 208.93628pt.

Overfull \hbox (0.12086pt too wide) in paragraph at lines 331--332
[]\T1/pplj/m/n/10 (+11) 2. Give names to each of the variables. The first colum
n represents 
 []

<LabmanualFigures/SPSS7.pdf, id=1974, 277.75017pt x 119.74205pt>
File: LabmanualFigures/SPSS7.pdf Graphic file (type pdf)

<use LabmanualFigures/SPSS7.pdf>
Package pdftex.def Info: LabmanualFigures/SPSS7.pdf used on input line 334.
(pdftex.def)             Requested size: 156.0pt x 67.25606pt.

<LabmanualFigures/SPSS8.pdf, id=1975, 174.3955pt x 227.4076pt>
File: LabmanualFigures/SPSS8.pdf Graphic file (type pdf)

<use LabmanualFigures/SPSS8.pdf>
Package pdftex.def Info: LabmanualFigures/SPSS8.pdf used on input line 342.
(pdftex.def)             Requested size: 156.0pt x 203.42268pt.

<LabmanualFigures/SPSS9.pdf, id=1976, 187.78426pt x 108.84193pt>
File: LabmanualFigures/SPSS9.pdf Graphic file (type pdf)

<use LabmanualFigures/SPSS9.pdf>
Package pdftex.def Info: LabmanualFigures/SPSS9.pdf used on input line 348.
(pdftex.def)             Requested size: 156.0pt x 90.42014pt.

<LabmanualFigures/SPSS10.pdf, id=1977, 421.85121pt x 180.22398pt>
File: LabmanualFigures/SPSS10.pdf Graphic file (type pdf)

<use LabmanualFigures/SPSS10.pdf>
Package pdftex.def Info: LabmanualFigures/SPSS10.pdf used on input line 362.
(pdftex.def)             Requested size: 312.0pt x 133.2949pt.

Underfull \hbox (badness 10000) in paragraph at lines 362--365

 []

[81 <./LabmanualFigures/SPSS6.pdf> <./LabmanualFigures/SPSS7.pdf>] [82 <./Labma
nualFigures/SPSS8.pdf> <./LabmanualFigures/SPSS9.pdf> <./LabmanualFigures/SPSS1
0.pdf>] <LabmanualFigures/SPSS11.pdf, id=2263, 275.7018pt x 286.84886pt>
File: LabmanualFigures/SPSS11.pdf Graphic file (type pdf)

<use LabmanualFigures/SPSS11.pdf>
Package pdftex.def Info: LabmanualFigures/SPSS11.pdf used on input line 370.
(pdftex.def)             Requested size: 312.0pt x 324.63004pt.

Underfull \hbox (badness 10000) in paragraph at lines 370--373

 []

<LabmanualFigures/SPSS12.pdf, id=2264, 253.25555pt x 114.56752pt>
File: LabmanualFigures/SPSS12.pdf Graphic file (type pdf)

<use LabmanualFigures/SPSS12.pdf>
Package pdftex.def Info: LabmanualFigures/SPSS12.pdf used on input line 380.
(pdftex.def)             Requested size: 312.0pt x 141.14444pt.

Underfull \hbox (badness 10000) in paragraph at lines 380--383

 []

<LabmanualFigures/SPSS13.pdf, id=2265, 522.33908pt x 167.88411pt>
File: LabmanualFigures/SPSS13.pdf Graphic file (type pdf)

<use LabmanualFigures/SPSS13.pdf>
Package pdftex.def Info: LabmanualFigures/SPSS13.pdf used on input line 391.
(pdftex.def)             Requested size: 312.0pt x 100.28293pt.

Underfull \hbox (badness 10000) in paragraph at lines 391--394

 []

[83 <./LabmanualFigures/SPSS11.pdf>]
Overfull \hbox (0.11475pt too wide) in paragraph at lines 402--403
\T1/pplj/m/n/10 (+7) report the main effect you will need to compute the averag
es for each 
 []


Overfull \hbox (0.12766pt too wide) in paragraph at lines 402--403
\T1/pplj/m/n/10 (+8) level of IVone. You can do this directly in excel, or you 
can have SPSS 
 []

[84 <./LabmanualFigures/SPSS12.pdf> <./LabmanualFigures/SPSS13.pdf>]
Overfull \hbox (0.10428pt too wide) in paragraph at lines 417--418
\T1/pplj/m/n/10 (+9) = 124.92, MSE = 379.14, p<.05. Mean performance was lower 
for level 
 []

) [85] [86] (./writing.tex
Overfull \hbox (0.13237pt too wide) in paragraph at lines 10--11
\T1/pplj/m/n/10 (+6) an-swer to the ques-tion that your in-ves-ti-ga-tion
 will con-firm or 
 []


Overfull \hbox (0.10478pt too wide) in paragraph at lines 13--14
\T1/pplj/m/n/10 (+11) ing sub-sec-tions: (a) re-search de-sign, (b) ap-pa-ra-tu
s and ma-te-ri-als, and 
 []

[87

]
Overfull \hbox (0.1025pt too wide) in paragraph at lines 19--20
\T1/pplj/m/n/10 (+13) need to be ex-plored? The key to suc-cess in this sec-tio
n is to link your 
 []


Overfull \hbox (0.11488pt too wide) in paragraph at lines 22--23
\T1/pplj/m/n/10 (+10) this section can be a summary of your most important find
ings along 
 []

[88] <APA1.pdf, id=2402, 614.295pt x 794.97pt>
File: APA1.pdf Graphic file (type pdf)
 <use APA1.pdf>
Package pdftex.def Info: APA1.pdf used on input line 30.
(pdftex.def)             Requested size: 614.29349pt x 794.96806pt.
File: APA1.pdf Graphic file (type pdf)
 <use APA1.pdf>
Package pdftex.def Info: APA1.pdf used on input line 30.
(pdftex.def)             Requested size: 614.29349pt x 794.96806pt.

<APA1.pdf, id=2405, page=1, 614.295pt x 794.97pt>
File: APA1.pdf Graphic file (type pdf)
 <use APA1.pdf, page 1>
Package pdftex.def Info: APA1.pdf, page1 used on input line 30.
(pdftex.def)             Requested size: 614.29349pt x 794.96806pt.
File: APA1.pdf Graphic file (type pdf)

<use APA1.pdf, page 1>
Package pdftex.def Info: APA1.pdf, page1 used on input line 30.
(pdftex.def)             Requested size: 614.58406pt x 795.3441pt.
 [89]
File: APA1.pdf Graphic file (type pdf)
 <use APA1.pdf, page 1>
Package pdftex.def Info: APA1.pdf, page1 used on input line 30.
(pdftex.def)             Requested size: 614.58406pt x 795.3441pt.
File: APA1.pdf Graphic file (type pdf)
 <use APA1.pdf, page 1>
Package pdftex.def Info: APA1.pdf, page1 used on input line 30.
(pdftex.def)             Requested size: 614.58406pt x 795.3441pt.
File: APA1.pdf Graphic file (type pdf)

<use APA1.pdf, page 1>
Package pdftex.def Info: APA1.pdf, page1 used on input line 30.
(pdftex.def)             Requested size: 614.58406pt x 795.3441pt.
 [90 <./APA1.pdf>]
<APA1.pdf, id=2437, page=2, 614.295pt x 794.97pt>
File: APA1.pdf Graphic file (type pdf)
 <use APA1.pdf, page 2>
Package pdftex.def Info: APA1.pdf, page2 used on input line 30.
(pdftex.def)             Requested size: 614.58406pt x 795.3441pt.
File: APA1.pdf Graphic file (type pdf)

<use APA1.pdf, page 2>
Package pdftex.def Info: APA1.pdf, page2 used on input line 30.
(pdftex.def)             Requested size: 614.58406pt x 795.3441pt.
File: APA1.pdf Graphic file (type pdf)
 <use APA1.pdf, page 2>
Package pdftex.def Info: APA1.pdf, page2 used on input line 30.
(pdftex.def)             Requested size: 614.58406pt x 795.3441pt.
 [91 <./APA1.pdf>]
<APA1.pdf, id=2447, page=3, 614.295pt x 794.97pt>
File: APA1.pdf Graphic file (type pdf)
 <use APA1.pdf, page 3>
Package pdftex.def Info: APA1.pdf, page3 used on input line 30.
(pdftex.def)             Requested size: 614.58406pt x 795.3441pt.
File: APA1.pdf Graphic file (type pdf)

<use APA1.pdf, page 3>
Package pdftex.def Info: APA1.pdf, page3 used on input line 30.
(pdftex.def)             Requested size: 614.58406pt x 795.3441pt.
File: APA1.pdf Graphic file (type pdf)
 <use APA1.pdf, page 3>
Package pdftex.def Info: APA1.pdf, page3 used on input line 30.
(pdftex.def)             Requested size: 614.58406pt x 795.3441pt.
 [92 <./APA1.pdf>]
<APA1.pdf, id=2460, page=4, 614.295pt x 794.97pt>
File: APA1.pdf Graphic file (type pdf)
 <use APA1.pdf, page 4>
Package pdftex.def Info: APA1.pdf, page4 used on input line 30.
(pdftex.def)             Requested size: 614.58406pt x 795.3441pt.
File: APA1.pdf Graphic file (type pdf)

<use APA1.pdf, page 4>
Package pdftex.def Info: APA1.pdf, page4 used on input line 30.
(pdftex.def)             Requested size: 614.58406pt x 795.3441pt.
File: APA1.pdf Graphic file (type pdf)
 <use APA1.pdf, page 4>
Package pdftex.def Info: APA1.pdf, page4 used on input line 30.
(pdftex.def)             Requested size: 614.58406pt x 795.3441pt.
 [93 <./APA1.pdf>]
<APA1.pdf, id=2465, page=5, 614.295pt x 794.97pt>
File: APA1.pdf Graphic file (type pdf)
 <use APA1.pdf, page 5>
Package pdftex.def Info: APA1.pdf, page5 used on input line 30.
(pdftex.def)             Requested size: 614.58406pt x 795.3441pt.
File: APA1.pdf Graphic file (type pdf)

<use APA1.pdf, page 5>
Package pdftex.def Info: APA1.pdf, page5 used on input line 30.
(pdftex.def)             Requested size: 614.58406pt x 795.3441pt.
File: APA1.pdf Graphic file (type pdf)
 <use APA1.pdf, page 5>
Package pdftex.def Info: APA1.pdf, page5 used on input line 30.
(pdftex.def)             Requested size: 614.58406pt x 795.3441pt.
 [94 <./APA1.pdf>]
<APA1.pdf, id=2470, page=6, 614.295pt x 794.97pt>
File: APA1.pdf Graphic file (type pdf)
 <use APA1.pdf, page 6>
Package pdftex.def Info: APA1.pdf, page6 used on input line 30.
(pdftex.def)             Requested size: 614.58406pt x 795.3441pt.
File: APA1.pdf Graphic file (type pdf)

<use APA1.pdf, page 6>
Package pdftex.def Info: APA1.pdf, page6 used on input line 30.
(pdftex.def)             Requested size: 614.58406pt x 795.3441pt.
File: APA1.pdf Graphic file (type pdf)
 <use APA1.pdf, page 6>
Package pdftex.def Info: APA1.pdf, page6 used on input line 30.
(pdftex.def)             Requested size: 614.58406pt x 795.3441pt.
 [95 <./APA1.pdf>]
<APA2.pdf, id=2475, 614.295pt x 794.97pt>
File: APA2.pdf Graphic file (type pdf)
 <use APA2.pdf>
Package pdftex.def Info: APA2.pdf used on input line 34.
(pdftex.def)             Requested size: 614.29349pt x 794.96806pt.
File: APA2.pdf Graphic file (type pdf)
 <use APA2.pdf>
Package pdftex.def Info: APA2.pdf used on input line 34.
(pdftex.def)             Requested size: 614.29349pt x 794.96806pt.

<APA2.pdf, id=2478, page=1, 614.295pt x 794.97pt>
File: APA2.pdf Graphic file (type pdf)
 <use APA2.pdf, page 1>
Package pdftex.def Info: APA2.pdf, page1 used on input line 34.
(pdftex.def)             Requested size: 614.29349pt x 794.96806pt.
File: APA2.pdf Graphic file (type pdf)

<use APA2.pdf, page 1>
Package pdftex.def Info: APA2.pdf, page1 used on input line 34.
(pdftex.def)             Requested size: 614.58406pt x 795.3441pt.
 [96]
File: APA2.pdf Graphic file (type pdf)
 <use APA2.pdf, page 1>
Package pdftex.def Info: APA2.pdf, page1 used on input line 34.
(pdftex.def)             Requested size: 614.58406pt x 795.3441pt.
File: APA2.pdf Graphic file (type pdf)
 <use APA2.pdf, page 1>
Package pdftex.def Info: APA2.pdf, page1 used on input line 34.
(pdftex.def)             Requested size: 614.58406pt x 795.3441pt.
File: APA2.pdf Graphic file (type pdf)

<use APA2.pdf, page 1>
Package pdftex.def Info: APA2.pdf, page1 used on input line 34.
(pdftex.def)             Requested size: 614.58406pt x 795.3441pt.
 [97 <./APA2.pdf>]
<APA2.pdf, id=2515, page=2, 614.295pt x 794.97pt>
File: APA2.pdf Graphic file (type pdf)
 <use APA2.pdf, page 2>
Package pdftex.def Info: APA2.pdf, page2 used on input line 34.
(pdftex.def)             Requested size: 614.58406pt x 795.3441pt.
File: APA2.pdf Graphic file (type pdf)

<use APA2.pdf, page 2>
Package pdftex.def Info: APA2.pdf, page2 used on input line 34.
(pdftex.def)             Requested size: 614.58406pt x 795.3441pt.
File: APA2.pdf Graphic file (type pdf)
 <use APA2.pdf, page 2>
Package pdftex.def Info: APA2.pdf, page2 used on input line 34.
(pdftex.def)             Requested size: 614.58406pt x 795.3441pt.
 [98 <./APA2.pdf>]
<APA2.pdf, id=2521, page=3, 614.295pt x 794.97pt>
File: APA2.pdf Graphic file (type pdf)
 <use APA2.pdf, page 3>
Package pdftex.def Info: APA2.pdf, page3 used on input line 34.
(pdftex.def)             Requested size: 614.58406pt x 795.3441pt.
File: APA2.pdf Graphic file (type pdf)

<use APA2.pdf, page 3>
Package pdftex.def Info: APA2.pdf, page3 used on input line 34.
(pdftex.def)             Requested size: 614.58406pt x 795.3441pt.
File: APA2.pdf Graphic file (type pdf)
 <use APA2.pdf, page 3>
Package pdftex.def Info: APA2.pdf, page3 used on input line 34.
(pdftex.def)             Requested size: 614.58406pt x 795.3441pt.
 [99 <./APA2.pdf>]
<APA2.pdf, id=2526, page=4, 614.295pt x 794.97pt>
File: APA2.pdf Graphic file (type pdf)
 <use APA2.pdf, page 4>
Package pdftex.def Info: APA2.pdf, page4 used on input line 34.
(pdftex.def)             Requested size: 614.58406pt x 795.3441pt.
File: APA2.pdf Graphic file (type pdf)

<use APA2.pdf, page 4>
Package pdftex.def Info: APA2.pdf, page4 used on input line 34.
(pdftex.def)             Requested size: 614.58406pt x 795.3441pt.
File: APA2.pdf Graphic file (type pdf)
 <use APA2.pdf, page 4>
Package pdftex.def Info: APA2.pdf, page4 used on input line 34.
(pdftex.def)             Requested size: 614.58406pt x 795.3441pt.
 [100 <./APA2.pdf>]
<APA2.pdf, id=2531, page=5, 614.295pt x 794.97pt>
File: APA2.pdf Graphic file (type pdf)
 <use APA2.pdf, page 5>
Package pdftex.def Info: APA2.pdf, page5 used on input line 34.
(pdftex.def)             Requested size: 614.58406pt x 795.3441pt.
File: APA2.pdf Graphic file (type pdf)

<use APA2.pdf, page 5>
Package pdftex.def Info: APA2.pdf, page5 used on input line 34.
(pdftex.def)             Requested size: 614.58406pt x 795.3441pt.
File: APA2.pdf Graphic file (type pdf)
 <use APA2.pdf, page 5>
Package pdftex.def Info: APA2.pdf, page5 used on input line 34.
(pdftex.def)             Requested size: 614.58406pt x 795.3441pt.
 [101 <./APA2.pdf>]
<APA2.pdf, id=2540, page=6, 614.295pt x 794.97pt>
File: APA2.pdf Graphic file (type pdf)
 <use APA2.pdf, page 6>
Package pdftex.def Info: APA2.pdf, page6 used on input line 34.
(pdftex.def)             Requested size: 614.58406pt x 795.3441pt.
File: APA2.pdf Graphic file (type pdf)

<use APA2.pdf, page 6>
Package pdftex.def Info: APA2.pdf, page6 used on input line 34.
(pdftex.def)             Requested size: 614.58406pt x 795.3441pt.
File: APA2.pdf Graphic file (type pdf)
 <use APA2.pdf, page 6>
Package pdftex.def Info: APA2.pdf, page6 used on input line 34.
(pdftex.def)             Requested size: 614.58406pt x 795.3441pt.
 [102 <./APA2.pdf>]
<APA2.pdf, id=2545, page=7, 614.295pt x 794.97pt>
File: APA2.pdf Graphic file (type pdf)
 <use APA2.pdf, page 7>
Package pdftex.def Info: APA2.pdf, page7 used on input line 34.
(pdftex.def)             Requested size: 614.58406pt x 795.3441pt.
File: APA2.pdf Graphic file (type pdf)

<use APA2.pdf, page 7>
Package pdftex.def Info: APA2.pdf, page7 used on input line 34.
(pdftex.def)             Requested size: 614.58406pt x 795.3441pt.
File: APA2.pdf Graphic file (type pdf)
 <use APA2.pdf, page 7>
Package pdftex.def Info: APA2.pdf, page7 used on input line 34.
(pdftex.def)             Requested size: 614.58406pt x 795.3441pt.
 [103 <./APA2.pdf>]
<APA2.pdf, id=2551, page=8, 614.295pt x 794.97pt>
File: APA2.pdf Graphic file (type pdf)
 <use APA2.pdf, page 8>
Package pdftex.def Info: APA2.pdf, page8 used on input line 34.
(pdftex.def)             Requested size: 614.58406pt x 795.3441pt.
File: APA2.pdf Graphic file (type pdf)

<use APA2.pdf, page 8>
Package pdftex.def Info: APA2.pdf, page8 used on input line 34.
(pdftex.def)             Requested size: 614.58406pt x 795.3441pt.
File: APA2.pdf Graphic file (type pdf)
 <use APA2.pdf, page 8>
Package pdftex.def Info: APA2.pdf, page8 used on input line 34.
(pdftex.def)             Requested size: 614.58406pt x 795.3441pt.
 [104 <./APA2.pdf>])
(./Lab_Manual.bblpdfTeX warning (ext4): destination with the same identifier (n
ame{cite.crump_warning:_2010}) has been already used, duplicate ignored
<to be read again> 
                   \relax 
l.3 ...Crump and Logan, 2010]{crump_warning:_2010}
                                                  pdfTeX warning (ext4): destin
ation with the same identifier (name{cite.macleod_half_1991}) has been already 
used, duplicate ignored
<to be read again> 
                   \relax 
l.9 \bibitem[MacLeod, 1991]{macleod_half_1991}
                                              pdfTeX warning (ext4): destinatio
n with the same identifier (name{cite.mehl_are_2007}) has been already used, du
plicate ignored
<to be read again> 
                   \relax 
l.15 \bibitem[Mehl et~al., 2007]{mehl_are_2007}
                                               pdfTeX warning (ext4): destinati
on with the same identifier (name{cite.nairne_adaptive_2008}) has been already 
used, duplicate ignored
<to be read again> 
                   \relax 
l.21 ...Nairne et~al., 2008]{nairne_adaptive_2008}
                                                  pdfTeX warning (ext4): destin
ation with the same identifier (name{cite.raz_suggestion_2006}) has been alread
y used, duplicate ignored
<to be read again> 
                   \relax 
l.26 ...tem[Raz et~al., 2006]{raz_suggestion_2006}
                                                  pdfTeX warning (ext4): destin
ation with the same identifier (name{cite.song_if_2008}) has been already used,
 duplicate ignored
<to be read again> 
                   \relax 
l.31 ...item[Song and Schwarz, 2008]{song_if_2008}
                                                  pdfTeX warning (ext4): destin
ation with the same identifier (name{cite.stoet_are_2013}) has been already use
d, duplicate ignored
<to be read again> 
                   \relax 
l.37 \bibitem[Stoet et~al., 2013]{stoet_are_2013}
                                                 pdfTeX warning (ext4): destina
tion with the same identifier (name{cite.Stroop1935}) has been already used, du
plicate ignored
<to be read again> 
                   \relax 
l.42 \bibitem[Stroop, 1935]{Stroop1935}
                                       pdfTeX warning (ext4): destination with 
the same identifier (name{cite.van_overschelde_category_2004}) has been already
 used, duplicate ignored
<to be read again> 
                   \relax 
l.47 ...~al., 2004]{van_overschelde_category_2004}
                                                  pdfTeX warning (ext4): destin
ation with the same identifier (name{cite.yin_looking_1969}) has been already u
sed, duplicate ignored
<to be read again> 
                   \relax 
l.52 \bibitem[Yin, 1969]{yin_looking_1969}
                                          )
No file Lab_Manual.ind.
Package atveryend Info: Empty hook `BeforeClearDocument' on input line 247.
[105

]
Package atveryend Info: Empty hook `AfterLastShipout' on input line 247.
 (./Lab_Manual.aux)
Package atveryend Info: Executing hook `AtVeryEndDocument' on input line 247.
Package atveryend Info: Executing hook `AtEndAfterFileList' on input line 247.


Package rerunfilecheck Warning: File `Lab_Manual.out' has changed.
(rerunfilecheck)                Rerun to get outlines right
(rerunfilecheck)                or use package `bookmark'.

Package rerunfilecheck Info: Checksums for `Lab_Manual.out':
(rerunfilecheck)             Before: 79DDA737B5E064664A412A6219F6DE5F;6655
(rerunfilecheck)             After:  93CA857E844E7F82EB0D51550292731A;6655.

LaTeX Warning: There were multiply-defined labels.

Package atveryend Info: Empty hook `AtVeryVeryEnd' on input line 247.
 ) 
Here is how much of TeX's memory you used:
 17963 strings out of 492995
 264326 string characters out of 6132704
 446223 words of memory out of 5000000
 20411 multiletter control sequences out of 15000+600000
 100362 words of font info for 314 fonts, out of 8000000 for 9000
 1141 hyphenation exceptions out of 8191
 45i,18n,72p,1564b,529s stack positions out of 5000i,500n,10000p,200000b,80000s
pdfTeX warning (dest): name{subsection*.151} has been referenced but does not
 exist, replaced by a fixed one

pdfTeX warning (dest): name{subsection*.145} has been referenced but does not e
xist, replaced by a fixed one

pdfTeX warning (dest): name{subsection*.133} has been referenced but does not e
xist, replaced by a fixed one

pdfTeX warning (dest): name{subsection*.117} has been referenced but does not e
xist, replaced by a fixed one

pdfTeX warning (dest): name{subsection*.114} has been referenced but does not e
xist, replaced by a fixed one

pdfTeX warning (dest): name{chapter*.153} has been referenced but does not exis
t, replaced by a fixed one

pdfTeX warning (dest): name{section*.150} has been referenced but does not exis
t, replaced by a fixed one

pdfTeX warning (dest): name{section*.144} has been referenced but does not exis
t, replaced by a fixed one

pdfTeX warning (dest): name{chapter*.143} has been referenced but does not exis
t, replaced by a fixed one

pdfTeX warning (dest): name{section*.132} has been referenced but does not exis
t, replaced by a fixed one

pdfTeX warning (dest): name{section*.116} has been referenced but does not exis
t, replaced by a fixed one

pdfTeX warning (dest): name{section*.113} has been referenced but does not exis
t, replaced by a fixed one

pdfTeX warning (dest): name{chapter*.112} has been referenced but does not exis
t, replaced by a fixed one

{/usr/local/texlive/2017/texmf-dist/fonts/enc/dvips/base/8r.enc}</usr/local/tex
live/2017/texmf-dist/fonts/type1/public/fpl/fplrc8a.pfb></usr/local/texlive/201
7/texmf-dist/fonts/type1/public/fpl/fplrij8a.pfb></usr/local/texlive/2017/texmf
-dist/fonts/type1/public/bera/fvmb8a.pfb></usr/local/texlive/2017/texmf-dist/fo
nts/type1/public/bera/fvmr8a.pfb></usr/local/texlive/2017/texmf-dist/fonts/type
1/public/bera/fvmro8a.pfb></usr/local/texlive/2017/texmf-dist/fonts/type1/urw/h
elvetic/uhvr8a.pfb></usr/local/texlive/2017/texmf-dist/fonts/type1/urw/helvetic
/uhvro8a.pfb></usr/local/texlive/2017/texmf-dist/fonts/type1/urw/palatino/uplr8
a.pfb></usr/local/texlive/2017/texmf-dist/fonts/type1/urw/palatino/uplri8a.pfb>
Output written on Lab_Manual.pdf (105 pages, 3888974 bytes).
PDF statistics:
 2689 PDF objects out of 2984 (max. 8388607)
 1919 compressed objects within 20 object streams
 378 named destinations out of 1000 (max. 500000)
 77381 words of extra memory for PDF output out of 89155 (max. 10000000)

